#
# A fatal error has been detected by the Java Runtime Environment:
#
#  SIGSEGV (0xb) at pc=0x00007ff93c7fd069, pid=5207, tid=5232
#
# JRE version: OpenJDK Runtime Environment Temurin-17.0.4.1+1 (17.0.4.1+1) (build 17.0.4.1+1)
# Java VM: OpenJDK 64-Bit Server VM Temurin-17.0.4.1+1 (17.0.4.1+1, mixed mode, tiered, compressed oops, compressed class ptrs, g1 gc, linux-amd64)
# Problematic frame:
# V  [libjvm.so+0xdfd069]
#
# Core dump will be written. Default location: Core dumps may be processed with "/usr/lib/systemd/systemd-coredump %P %u %g %s %t %c %h" (or dumping to /home/javier/Documentos/GitHub/UMCA/core.5207)
#
# If you would like to submit a bug report, please visit:
#   https://github.com/adoptium/adoptium-support/issues
#

---------------  S U M M A R Y ------------

Command Line: -XX:+ShowCodeDetailsInExceptionMessages -agentlib:jdwp=transport=dt_socket,suspend=y,address=localhost:44981 -javaagent:/home/javier/.eclipse/org.eclipse.platform_4.25.0_155965261_linux_gtk_x86_64/configuration/org.eclipse.osgi/222/0/.cp/lib/javaagent-shaded.jar -Dfile.encoding=UTF-8 client.ClientLauncher

Host: Intel(R) Core(TM) i5-7200U CPU @ 2.50GHz, 4 cores, 7G, Arch Linux
Time: Wed Dec 28 13:54:39 2022 CET elapsed time: 52.940092 seconds (0d 0h 0m 52s)

---------------  T H R E A D  ---------------

Current thread (0x00007ff9342f4ad0):  JavaThread "JDWP Transport Listener: dt_socket" daemon [_thread_in_vm, id=5232, stack(0x00007ff91c16a000,0x00007ff91c26a000)]

Stack: [0x00007ff91c16a000,0x00007ff91c26a000],  sp=0x00007ff91c268990,  free space=1018k
Native frames: (J=compiled Java code, j=interpreted, Vv=VM code, C=native code)
V  [libjvm.so+0xdfd069]
V  [libjvm.so+0xa0ee35]
V  [libjvm.so+0x9c54e8]
C  [libjdwp.so+0x2d824]
C  [libjdwp.so+0x8448]
C  [libjdwp.so+0x13c09]
C  [libjdwp.so+0x27124]
V  [libjvm.so+0xa2e262]
V  [libjvm.so+0xe59214]
V  [libjvm.so+0xe5c99e]
V  [libjvm.so+0xc16351]


siginfo: si_signo: 11 (SIGSEGV), si_code: 1 (SEGV_MAPERR), si_addr: 0x00000000014f004f

Register to memory mapping:

RAX=0x000000000000014e is an unknown value
RBX=0x0000000100105320 is a pointer to class: 
client.SelectParty {0x0000000100105320}
 - instance size:     56
 - klass size:        557
 - access:            public synchronized 
 - state:             fully_initialized
 - name:              'client/SelectParty'
 - super:             'javax/swing/JFrame'
 - sub:               
 - arrays:            NULL
 - methods:           Array<T>(0x00007ff8d760ff90)
 - method ordering:   Array<T>(0x00007ff8d54093c8)
 - default_methods:   Array<T>(0x0000000000000000)
 - local interfaces:  Array<T>(0x00007ff8d743eb20)
 - trans. interfaces: Array<T>(0x00007ff8d743f070)
 - constants:         constant pool [347] {0x00007ff8d540adb0} for 'client/SelectParty' cache=0x00007ff8d540b8d0
 - class loader data:  loader data: 0x00007ff934297bb0 for instance a 'jdk/internal/loader/ClassLoaders$AppClassLoader'{0x000000008be02d58}
 - source file:       'SelectParty.java'
 - source debug extension:       SMAP
SelectParty.java
Java
*S jdt
*F
1 SelectParty.java
2 file:/home/javier/Documentos/GitHub/UMCA/bin/
*L
*E

 - class annotations:       Array<T>(0x0000000000000000)
 - class type annotations:  Array<T>(0x0000000000000000)
 - field annotations:       Array<T>(0x0000000000000000)
 - field type annotations:  Array<T>(0x0000000000000000)
 - generic signature: '
[error occurred during error reporting (printing register info), id 0xb, SIGSEGV (0xb) at pc=0x00007ff93c7fdfdb]

Registers:
RAX=0x000000000000014e, RBX=0x0000000100105320, RCX=0x00007ff8d540adb0, RDX=0x0000000000000014
RSP=0x00007ff91c268990, RBP=0x00007ff91c2689a0, RSI=0x0000000000000000, RDI=0x00000000014f004b
R8 =0x0000000100105320, R9 =0x0000000000000012, R10=0x0000000000000013, R11=0x94eb0f68b0e06fd4
R12=0x00007ff8e80196c0, R13=0x00007ff8e80196f0, R14=0x0000000100105320, R15=0x00007ff9342f42d0
RIP=0x00007ff93c7fd069, EFLAGS=0x0000000000010246, CSGSFS=0x002b000000000033, ERR=0x0000000000000004
  TRAPNO=0x000000000000000e

Top of Stack: (sp=0x00007ff91c268990)
0x00007ff91c268990:   0000000100105320 00007ff8e80196c0
0x00007ff91c2689a0:   00007ff91c268a10 00007ff93c40ee35
0x00007ff91c2689b0:   0000000100105320 00000000000003d8
0x00007ff91c2689c0:   00007ff934017290 00007ff8e8019aa8 

Instructions: (pc=0x00007ff93c7fd069)
0x00007ff93c7fcf69:   89 c8 39 ca 0f 84 a2 00 00 00 41 89 d1 29 ce 41
0x00007ff93c7fcf79:   29 c9 83 fe 06 76 18 8d 71 06 48 8b 34 37 49 89
0x00007ff93c7fcf89:   34 08 44 89 c9 83 e1 f8 01 c8 41 39 c9 74 7d 48
0x00007ff93c7fcf99:   63 c8 0f b6 74 0f 06 41 88 34 08 8d 48 01 39 ca
0x00007ff93c7fcfa9:   7e 6a 48 63 c9 0f b6 74 0f 06 41 88 34 08 8d 48
0x00007ff93c7fcfb9:   02 39 ca 7e 57 48 63 c9 0f b6 74 0f 06 41 88 34
0x00007ff93c7fcfc9:   08 8d 48 03 39 ca 7e 44 48 63 c9 0f b6 74 0f 06
0x00007ff93c7fcfd9:   41 88 34 08 8d 48 04 39 ca 7e 31 48 63 c9 0f b6
0x00007ff93c7fcfe9:   74 0f 06 41 88 34 08 8d 48 05 39 ca 7e 1e 48 63
0x00007ff93c7fcff9:   c9 83 c0 06 0f b6 74 0f 06 41 88 34 08 39 c2 7e
0x00007ff93c7fd009:   0b 48 98 0f b6 4c 07 06 41 88 0c 00 48 63 d2 41
0x00007ff93c7fd019:   c6 04 10 00 4c 89 c0 c3 0f 1f 80 00 00 00 00 89
0x00007ff93c7fd029:   d6 31 c0 0f 1f 40 00 0f b6 4c 07 06 41 88 0c 00
0x00007ff93c7fd039:   48 83 c0 01 48 39 f0 75 ee 48 63 d2 41 c6 04 10
0x00007ff93c7fd049:   00 eb d1 31 c9 31 c0 e9 2b ff ff ff 90 66 2e 0f
0x00007ff93c7fd059:   1f 84 00 00 00 00 00 55 31 f6 48 89 e5 41 54 53
0x00007ff93c7fd069:   44 0f b7 67 04 48 89 fb 41 8d 7c 24 01 48 63 ff
0x00007ff93c7fd079:   e8 92 61 eb ff 0f b7 53 04 49 89 c0 44 39 e2 41
0x00007ff93c7fd089:   0f 4f d4 85 d2 0f 84 fd 00 00 00 48 8d 4b 07 89
0x00007ff93c7fd099:   d7 8d 72 ff 48 29 c8 48 83 f8 0e 0f 86 fe 00 00
0x00007ff93c7fd0a9:   00 83 fe 06 0f 86 f5 00 00 00 83 fe 0e 0f 86 16
0x00007ff93c7fd0b9:   01 00 00 89 d1 31 c0 c1 e9 04 48 c1 e1 04 66 0f
0x00007ff93c7fd0c9:   1f 84 00 00 00 00 00 f3 0f 6f 44 03 06 41 0f 11
0x00007ff93c7fd0d9:   04 00 48 83 c0 10 48 39 c8 75 ec 89 d1 83 e1 f0
0x00007ff93c7fd0e9:   89 c8 39 ca 0f 84 9e 00 00 00 89 d7 29 ce 29 cf
0x00007ff93c7fd0f9:   83 fe 06 76 16 8d 71 06 48 8b 34 33 49 89 34 08
0x00007ff93c7fd109:   89 f9 83 e1 f8 01 c8 39 cf 74 7d 48 63 c8 0f b6
0x00007ff93c7fd119:   74 0b 06 41 88 34 08 8d 48 01 39 ca 7e 6a 48 63
0x00007ff93c7fd129:   c9 0f b6 74 0b 06 41 88 34 08 8d 48 02 39 ca 7e
0x00007ff93c7fd139:   57 48 63 c9 0f b6 74 0b 06 41 88 34 08 8d 48 03
0x00007ff93c7fd149:   39 ca 7e 44 48 63 c9 0f b6 74 0b 06 41 88 34 08
0x00007ff93c7fd159:   8d 48 04 39 ca 7e 31 48 63 c9 0f b6 74 0b 06 41 


Stack slot to memory mapping:
stack at sp + 0 slots: 0x0000000100105320 is a pointer to class: 
client.SelectParty {0x0000000100105320}
 - instance size:     56
 - klass size:        557
 - access:            public synchronized 
 - state:             fully_initialized
 - name:              'client/SelectParty'
 - super:             'javax/swing/JFrame'
 - sub:               
 - arrays:            NULL
 - methods:           Array<T>(0x00007ff8d760ff90)
 - method ordering:   Array<T>(0x00007ff8d54093c8)
 - default_methods:   Array<T>(0x0000000000000000)
 - local interfaces:  Array<T>(0x00007ff8d743eb20)
 - trans. interfaces: Array<T>(0x00007ff8d743f070)
 - constants:         constant pool [347] {0x00007ff8d540adb0} for 'client/SelectParty' cache=0x00007ff8d540b8d0
 - class loader data:  loader data: 0x00007ff934297bb0 for instance a 'jdk/internal/loader/ClassLoaders$AppClassLoader'{0x000000008be02d58}
 - source file:       'SelectParty.java'
 - source debug extension:       SMAP
SelectParty.java
Java
*S jdt
*F
1 SelectParty.java
2 file:/home/javier/Documentos/GitHub/UMCA/bin/
*L
*E

 - class annotations:       Array<T>(0x0000000000000000)
 - class type annotations:  Array<T>(0x0000000000000000)
 - field annotations:       Array<T>(0x0000000000000000)
 - field type annotations:  Array<T>(0x0000000000000000)
 - generic signature: '
[error occurred during error reporting (inspecting top of stack), id 0xb, SIGSEGV (0xb) at pc=0x00007ff93c7fdfdb]


---------------  P R O C E S S  ---------------

Threads class SMR info:
_java_thread_list=0x00007ff9346c9960, length=20, elements={
0x00007ff934026cb0, 0x00007ff93418c740, 0x00007ff93418dd90, 0x00007ff9341b3c90,
0x00007ff9341b5040, 0x00007ff9341b6450, 0x00007ff9341b7ad0, 0x00007ff9341b8fb0,
0x00007ff9341ba420, 0x00007ff93428c7b0, 0x00007ff9342f4ad0, 0x00007ff9342f7580,
0x00007ff8d8001130, 0x00007ff934424580, 0x00007ff934524bf0, 0x00007ff9345639f0,
0x00007ff934647390, 0x00007ff934697470, 0x00007ff934726550, 0x00007ff9346c8ac0
}

Java Threads: ( => current thread )
  0x00007ff934026cb0 JavaThread "main" [_thread_blocked, id=5215, stack(0x00007ff93b818000,0x00007ff93b918000)]
  0x00007ff93418c740 JavaThread "Reference Handler" daemon [_thread_blocked, id=5222, stack(0x00007ff91cdfe000,0x00007ff91cefe000)]
  0x00007ff93418dd90 JavaThread "Finalizer" daemon [_thread_blocked, id=5223, stack(0x00007ff91ccfe000,0x00007ff91cdfe000)]
  0x00007ff9341b3c90 JavaThread "Signal Dispatcher" daemon [_thread_blocked, id=5224, stack(0x00007ff91c900000,0x00007ff91ca00000)]
  0x00007ff9341b5040 JavaThread "Service Thread" daemon [_thread_blocked, id=5225, stack(0x00007ff91c800000,0x00007ff91c900000)]
  0x00007ff9341b6450 JavaThread "Monitor Deflation Thread" daemon [_thread_blocked, id=5226, stack(0x00007ff91c700000,0x00007ff91c800000)]
  0x00007ff9341b7ad0 JavaThread "C2 CompilerThread0" daemon [_thread_blocked, id=5227, stack(0x00007ff91c600000,0x00007ff91c700000)]
  0x00007ff9341b8fb0 JavaThread "C1 CompilerThread0" daemon [_thread_blocked, id=5228, stack(0x00007ff91c500000,0x00007ff91c600000)]
  0x00007ff9341ba420 JavaThread "Sweeper thread" daemon [_thread_blocked, id=5229, stack(0x00007ff91c400000,0x00007ff91c500000)]
  0x00007ff93428c7b0 JavaThread "Common-Cleaner" daemon [_thread_blocked, id=5230, stack(0x00007ff91c300000,0x00007ff91c400000)]
=>0x00007ff9342f4ad0 JavaThread "JDWP Transport Listener: dt_socket" daemon [_thread_in_vm, id=5232, stack(0x00007ff91c16a000,0x00007ff91c26a000)]
  0x00007ff9342f7580 JavaThread "JDWP Event Helper Thread" daemon [_thread_blocked, id=5233, stack(0x00007ff91c06a000,0x00007ff91c16a000)]
  0x00007ff8d8001130 JavaThread "JDWP Command Reader" daemon [_thread_in_native, id=5236, stack(0x00007ff8d7f00000,0x00007ff8d8000000)]
  0x00007ff934424580 JavaThread "Notification Thread" daemon [_thread_blocked, id=5240, stack(0x00007ff8d7d00000,0x00007ff8d7e00000)]
  0x00007ff934524bf0 JavaThread "Java2D Disposer" daemon [_thread_blocked, id=5290, stack(0x00007ff8d7e00000,0x00007ff8d7f00000)]
  0x00007ff9345639f0 JavaThread "AWT-XAWT" daemon [_thread_in_native, id=5291, stack(0x00007ff8d6a5b000,0x00007ff8d6b5b000)]
  0x00007ff934647390 JavaThread "Timer-0" [_thread_blocked, id=5292, stack(0x00007ff8d62e9000,0x00007ff8d63e9000)]
  0x00007ff934697470 JavaThread "AWT-Shutdown" [_thread_blocked, id=5296, stack(0x00007ff8d5ee3000,0x00007ff8d5fe3000)]
  0x00007ff934726550 JavaThread "AWT-EventQueue-0" [_thread_blocked, id=5297, stack(0x00007ff8d5de3000,0x00007ff8d5ee3000)]
  0x00007ff9346c8ac0 JavaThread "pool-1-thread-1" [_thread_blocked, id=5303, stack(0x00007ff8d5ce3000,0x00007ff8d5de3000)]

Other Threads:
  0x00007ff93413d1d0 VMThread "VM Thread" [stack: 0x00007ff91cf00000,0x00007ff91d000000] [id=5221]
  0x00007ff934200070 WatcherThread [stack: 0x00007ff8d7300000,0x00007ff8d7400000] [id=5241]
  0x00007ff9340802a0 GCTaskThread "GC Thread#0" [stack: 0x00007ff9386b4000,0x00007ff9387b4000] [id=5216]
  0x00007ff9000053b0 GCTaskThread "GC Thread#1" [stack: 0x00007ff8d61e9000,0x00007ff8d62e9000] [id=5293]
  0x00007ff900005dc0 GCTaskThread "GC Thread#2" [stack: 0x00007ff8d60e7000,0x00007ff8d61e7000] [id=5294]
  0x00007ff900006820 GCTaskThread "GC Thread#3" [stack: 0x00007ff8d5fe5000,0x00007ff8d60e5000] [id=5295]
  0x00007ff934090e80 ConcurrentGCThread "G1 Main Marker" [stack: 0x00007ff9385b2000,0x00007ff9386b2000] [id=5217]
  0x00007ff934091de0 ConcurrentGCThread "G1 Conc#0" [stack: 0x00007ff9384b0000,0x00007ff9385b0000] [id=5218]
  0x00007ff9340f64d0 ConcurrentGCThread "G1 Refine#0" [stack: 0x00007ff933f00000,0x00007ff934000000] [id=5219]
  0x00007ff9340f73c0 ConcurrentGCThread "G1 Service" [stack: 0x00007ff91d840000,0x00007ff91d940000] [id=5220]

Threads with active compile tasks:

VM state: not at safepoint (normal execution)

VM Mutex/Monitor currently owned by a thread: None

Heap address: 0x0000000085000000, size: 1968 MB, Compressed Oops mode: 32-bit

CDS archive(s) not mapped
Compressed class space mapped at: 0x0000000100000000-0x0000000140000000, reserved size: 1073741824
Narrow klass base: 0x0000000000000000, Narrow klass shift: 3, Narrow klass range: 0x140000000

GC Precious Log:
 CPUs: 4 total, 4 available
 Memory: 7865M
 Large Page Support: Disabled
 NUMA Support: Disabled
 Compressed Oops: Enabled (32-bit)
 Heap Region Size: 1M
 Heap Min Capacity: 8M
 Heap Initial Capacity: 124M
 Heap Max Capacity: 1968M
 Pre-touch: Disabled
 Parallel Workers: 4
 Concurrent Workers: 1
 Concurrent Refinement Workers: 4
 Periodic GC: Disabled

Heap:
 garbage-first heap   total 126976K, used 4448K [0x0000000085000000, 0x0000000100000000)
  region size 1024K, 6 young (6144K), 2 survivors (2048K)
 Metaspace       used 18195K, committed 18432K, reserved 1073152K
  class space    used 1844K, committed 1984K, reserved 1048576K

Heap Regions: E=young(eden), S=young(survivor), O=old, HS=humongous(starts), HC=humongous(continues), CS=collection set, F=free, OA=open archive, CA=closed archive, TAMS=top-at-mark-start (previous, next)
|   0|0x0000000085000000, 0x0000000085058200, 0x0000000085100000| 34%| O|  |TAMS 0x0000000085000000, 0x0000000085000000| Untracked 
|   1|0x0000000085100000, 0x0000000085100000, 0x0000000085200000|  0%| F|  |TAMS 0x0000000085100000, 0x0000000085100000| Untracked 
|   2|0x0000000085200000, 0x0000000085200000, 0x0000000085300000|  0%| F|  |TAMS 0x0000000085200000, 0x0000000085200000| Untracked 
|   3|0x0000000085300000, 0x0000000085300000, 0x0000000085400000|  0%| F|  |TAMS 0x0000000085300000, 0x0000000085300000| Untracked 
|   4|0x0000000085400000, 0x0000000085400000, 0x0000000085500000|  0%| F|  |TAMS 0x0000000085400000, 0x0000000085400000| Untracked 
|   5|0x0000000085500000, 0x0000000085500000, 0x0000000085600000|  0%| F|  |TAMS 0x0000000085500000, 0x0000000085500000| Untracked 
|   6|0x0000000085600000, 0x0000000085600000, 0x0000000085700000|  0%| F|  |TAMS 0x0000000085600000, 0x0000000085600000| Untracked 
|   7|0x0000000085700000, 0x0000000085700000, 0x0000000085800000|  0%| F|  |TAMS 0x0000000085700000, 0x0000000085700000| Untracked 
|   8|0x0000000085800000, 0x0000000085800000, 0x0000000085900000|  0%| F|  |TAMS 0x0000000085800000, 0x0000000085800000| Untracked 
|   9|0x0000000085900000, 0x0000000085900000, 0x0000000085a00000|  0%| F|  |TAMS 0x0000000085900000, 0x0000000085900000| Untracked 
|  10|0x0000000085a00000, 0x0000000085a00000, 0x0000000085b00000|  0%| F|  |TAMS 0x0000000085a00000, 0x0000000085a00000| Untracked 
|  11|0x0000000085b00000, 0x0000000085b00000, 0x0000000085c00000|  0%| F|  |TAMS 0x0000000085b00000, 0x0000000085b00000| Untracked 
|  12|0x0000000085c00000, 0x0000000085c00000, 0x0000000085d00000|  0%| F|  |TAMS 0x0000000085c00000, 0x0000000085c00000| Untracked 
|  13|0x0000000085d00000, 0x0000000085d00000, 0x0000000085e00000|  0%| F|  |TAMS 0x0000000085d00000, 0x0000000085d00000| Untracked 
|  14|0x0000000085e00000, 0x0000000085e00000, 0x0000000085f00000|  0%| F|  |TAMS 0x0000000085e00000, 0x0000000085e00000| Untracked 
|  15|0x0000000085f00000, 0x0000000085f00000, 0x0000000086000000|  0%| F|  |TAMS 0x0000000085f00000, 0x0000000085f00000| Untracked 
|  16|0x0000000086000000, 0x0000000086000000, 0x0000000086100000|  0%| F|  |TAMS 0x0000000086000000, 0x0000000086000000| Untracked 
|  17|0x0000000086100000, 0x0000000086100000, 0x0000000086200000|  0%| F|  |TAMS 0x0000000086100000, 0x0000000086100000| Untracked 
|  18|0x0000000086200000, 0x0000000086200000, 0x0000000086300000|  0%| F|  |TAMS 0x0000000086200000, 0x0000000086200000| Untracked 
|  19|0x0000000086300000, 0x0000000086300000, 0x0000000086400000|  0%| F|  |TAMS 0x0000000086300000, 0x0000000086300000| Untracked 
|  20|0x0000000086400000, 0x0000000086400000, 0x0000000086500000|  0%| F|  |TAMS 0x0000000086400000, 0x0000000086400000| Untracked 
|  21|0x0000000086500000, 0x0000000086500000, 0x0000000086600000|  0%| F|  |TAMS 0x0000000086500000, 0x0000000086500000| Untracked 
|  22|0x0000000086600000, 0x0000000086600000, 0x0000000086700000|  0%| F|  |TAMS 0x0000000086600000, 0x0000000086600000| Untracked 
|  23|0x0000000086700000, 0x0000000086700000, 0x0000000086800000|  0%| F|  |TAMS 0x0000000086700000, 0x0000000086700000| Untracked 
|  24|0x0000000086800000, 0x0000000086800000, 0x0000000086900000|  0%| F|  |TAMS 0x0000000086800000, 0x0000000086800000| Untracked 
|  25|0x0000000086900000, 0x0000000086900000, 0x0000000086a00000|  0%| F|  |TAMS 0x0000000086900000, 0x0000000086900000| Untracked 
|  26|0x0000000086a00000, 0x0000000086a00000, 0x0000000086b00000|  0%| F|  |TAMS 0x0000000086a00000, 0x0000000086a00000| Untracked 
|  27|0x0000000086b00000, 0x0000000086b00000, 0x0000000086c00000|  0%| F|  |TAMS 0x0000000086b00000, 0x0000000086b00000| Untracked 
|  28|0x0000000086c00000, 0x0000000086c00000, 0x0000000086d00000|  0%| F|  |TAMS 0x0000000086c00000, 0x0000000086c00000| Untracked 
|  29|0x0000000086d00000, 0x0000000086d00000, 0x0000000086e00000|  0%| F|  |TAMS 0x0000000086d00000, 0x0000000086d00000| Untracked 
|  30|0x0000000086e00000, 0x0000000086e00000, 0x0000000086f00000|  0%| F|  |TAMS 0x0000000086e00000, 0x0000000086e00000| Untracked 
|  31|0x0000000086f00000, 0x0000000086f00000, 0x0000000087000000|  0%| F|  |TAMS 0x0000000086f00000, 0x0000000086f00000| Untracked 
|  32|0x0000000087000000, 0x0000000087000000, 0x0000000087100000|  0%| F|  |TAMS 0x0000000087000000, 0x0000000087000000| Untracked 
|  33|0x0000000087100000, 0x0000000087100000, 0x0000000087200000|  0%| F|  |TAMS 0x0000000087100000, 0x0000000087100000| Untracked 
|  34|0x0000000087200000, 0x0000000087200000, 0x0000000087300000|  0%| F|  |TAMS 0x0000000087200000, 0x0000000087200000| Untracked 
|  35|0x0000000087300000, 0x0000000087300000, 0x0000000087400000|  0%| F|  |TAMS 0x0000000087300000, 0x0000000087300000| Untracked 
|  36|0x0000000087400000, 0x0000000087400000, 0x0000000087500000|  0%| F|  |TAMS 0x0000000087400000, 0x0000000087400000| Untracked 
|  37|0x0000000087500000, 0x0000000087500000, 0x0000000087600000|  0%| F|  |TAMS 0x0000000087500000, 0x0000000087500000| Untracked 
|  38|0x0000000087600000, 0x0000000087600000, 0x0000000087700000|  0%| F|  |TAMS 0x0000000087600000, 0x0000000087600000| Untracked 
|  39|0x0000000087700000, 0x0000000087700000, 0x0000000087800000|  0%| F|  |TAMS 0x0000000087700000, 0x0000000087700000| Untracked 
|  40|0x0000000087800000, 0x0000000087800000, 0x0000000087900000|  0%| F|  |TAMS 0x0000000087800000, 0x0000000087800000| Untracked 
|  41|0x0000000087900000, 0x0000000087900000, 0x0000000087a00000|  0%| F|  |TAMS 0x0000000087900000, 0x0000000087900000| Untracked 
|  42|0x0000000087a00000, 0x0000000087a00000, 0x0000000087b00000|  0%| F|  |TAMS 0x0000000087a00000, 0x0000000087a00000| Untracked 
|  43|0x0000000087b00000, 0x0000000087b00000, 0x0000000087c00000|  0%| F|  |TAMS 0x0000000087b00000, 0x0000000087b00000| Untracked 
|  44|0x0000000087c00000, 0x0000000087c00000, 0x0000000087d00000|  0%| F|  |TAMS 0x0000000087c00000, 0x0000000087c00000| Untracked 
|  45|0x0000000087d00000, 0x0000000087d00000, 0x0000000087e00000|  0%| F|  |TAMS 0x0000000087d00000, 0x0000000087d00000| Untracked 
|  46|0x0000000087e00000, 0x0000000087e00000, 0x0000000087f00000|  0%| F|  |TAMS 0x0000000087e00000, 0x0000000087e00000| Untracked 
|  47|0x0000000087f00000, 0x0000000087f00000, 0x0000000088000000|  0%| F|  |TAMS 0x0000000087f00000, 0x0000000087f00000| Untracked 
|  48|0x0000000088000000, 0x0000000088000000, 0x0000000088100000|  0%| F|  |TAMS 0x0000000088000000, 0x0000000088000000| Untracked 
|  49|0x0000000088100000, 0x0000000088100000, 0x0000000088200000|  0%| F|  |TAMS 0x0000000088100000, 0x0000000088100000| Untracked 
|  50|0x0000000088200000, 0x0000000088200000, 0x0000000088300000|  0%| F|  |TAMS 0x0000000088200000, 0x0000000088200000| Untracked 
|  51|0x0000000088300000, 0x0000000088300000, 0x0000000088400000|  0%| F|  |TAMS 0x0000000088300000, 0x0000000088300000| Untracked 
|  52|0x0000000088400000, 0x0000000088400000, 0x0000000088500000|  0%| F|  |TAMS 0x0000000088400000, 0x0000000088400000| Untracked 
|  53|0x0000000088500000, 0x0000000088500000, 0x0000000088600000|  0%| F|  |TAMS 0x0000000088500000, 0x0000000088500000| Untracked 
|  54|0x0000000088600000, 0x0000000088600000, 0x0000000088700000|  0%| F|  |TAMS 0x0000000088600000, 0x0000000088600000| Untracked 
|  55|0x0000000088700000, 0x0000000088700000, 0x0000000088800000|  0%| F|  |TAMS 0x0000000088700000, 0x0000000088700000| Untracked 
|  56|0x0000000088800000, 0x0000000088800000, 0x0000000088900000|  0%| F|  |TAMS 0x0000000088800000, 0x0000000088800000| Untracked 
|  57|0x0000000088900000, 0x0000000088900000, 0x0000000088a00000|  0%| F|  |TAMS 0x0000000088900000, 0x0000000088900000| Untracked 
|  58|0x0000000088a00000, 0x0000000088a00000, 0x0000000088b00000|  0%| F|  |TAMS 0x0000000088a00000, 0x0000000088a00000| Untracked 
|  59|0x0000000088b00000, 0x0000000088b00000, 0x0000000088c00000|  0%| F|  |TAMS 0x0000000088b00000, 0x0000000088b00000| Untracked 
|  60|0x0000000088c00000, 0x0000000088c00000, 0x0000000088d00000|  0%| F|  |TAMS 0x0000000088c00000, 0x0000000088c00000| Untracked 
|  61|0x0000000088d00000, 0x0000000088d00000, 0x0000000088e00000|  0%| F|  |TAMS 0x0000000088d00000, 0x0000000088d00000| Untracked 
|  62|0x0000000088e00000, 0x0000000088e00000, 0x0000000088f00000|  0%| F|  |TAMS 0x0000000088e00000, 0x0000000088e00000| Untracked 
|  63|0x0000000088f00000, 0x0000000088f00000, 0x0000000089000000|  0%| F|  |TAMS 0x0000000088f00000, 0x0000000088f00000| Untracked 
|  64|0x0000000089000000, 0x0000000089000000, 0x0000000089100000|  0%| F|  |TAMS 0x0000000089000000, 0x0000000089000000| Untracked 
|  65|0x0000000089100000, 0x0000000089100000, 0x0000000089200000|  0%| F|  |TAMS 0x0000000089100000, 0x0000000089100000| Untracked 
|  66|0x0000000089200000, 0x0000000089200000, 0x0000000089300000|  0%| F|  |TAMS 0x0000000089200000, 0x0000000089200000| Untracked 
|  67|0x0000000089300000, 0x0000000089300000, 0x0000000089400000|  0%| F|  |TAMS 0x0000000089300000, 0x0000000089300000| Untracked 
|  68|0x0000000089400000, 0x0000000089400000, 0x0000000089500000|  0%| F|  |TAMS 0x0000000089400000, 0x0000000089400000| Untracked 
|  69|0x0000000089500000, 0x0000000089500000, 0x0000000089600000|  0%| F|  |TAMS 0x0000000089500000, 0x0000000089500000| Untracked 
|  70|0x0000000089600000, 0x0000000089600000, 0x0000000089700000|  0%| F|  |TAMS 0x0000000089600000, 0x0000000089600000| Untracked 
|  71|0x0000000089700000, 0x0000000089700000, 0x0000000089800000|  0%| F|  |TAMS 0x0000000089700000, 0x0000000089700000| Untracked 
|  72|0x0000000089800000, 0x0000000089800000, 0x0000000089900000|  0%| F|  |TAMS 0x0000000089800000, 0x0000000089800000| Untracked 
|  73|0x0000000089900000, 0x0000000089900000, 0x0000000089a00000|  0%| F|  |TAMS 0x0000000089900000, 0x0000000089900000| Untracked 
|  74|0x0000000089a00000, 0x0000000089a00000, 0x0000000089b00000|  0%| F|  |TAMS 0x0000000089a00000, 0x0000000089a00000| Untracked 
|  75|0x0000000089b00000, 0x0000000089b00000, 0x0000000089c00000|  0%| F|  |TAMS 0x0000000089b00000, 0x0000000089b00000| Untracked 
|  76|0x0000000089c00000, 0x0000000089c00000, 0x0000000089d00000|  0%| F|  |TAMS 0x0000000089c00000, 0x0000000089c00000| Untracked 
|  77|0x0000000089d00000, 0x0000000089d00000, 0x0000000089e00000|  0%| F|  |TAMS 0x0000000089d00000, 0x0000000089d00000| Untracked 
|  78|0x0000000089e00000, 0x0000000089e00000, 0x0000000089f00000|  0%| F|  |TAMS 0x0000000089e00000, 0x0000000089e00000| Untracked 
|  79|0x0000000089f00000, 0x0000000089f00000, 0x000000008a000000|  0%| F|  |TAMS 0x0000000089f00000, 0x0000000089f00000| Untracked 
|  80|0x000000008a000000, 0x000000008a000000, 0x000000008a100000|  0%| F|  |TAMS 0x000000008a000000, 0x000000008a000000| Untracked 
|  81|0x000000008a100000, 0x000000008a100000, 0x000000008a200000|  0%| F|  |TAMS 0x000000008a100000, 0x000000008a100000| Untracked 
|  82|0x000000008a200000, 0x000000008a200000, 0x000000008a300000|  0%| F|  |TAMS 0x000000008a200000, 0x000000008a200000| Untracked 
|  83|0x000000008a300000, 0x000000008a300000, 0x000000008a400000|  0%| F|  |TAMS 0x000000008a300000, 0x000000008a300000| Untracked 
|  84|0x000000008a400000, 0x000000008a400000, 0x000000008a500000|  0%| F|  |TAMS 0x000000008a400000, 0x000000008a400000| Untracked 
|  85|0x000000008a500000, 0x000000008a500000, 0x000000008a600000|  0%| F|  |TAMS 0x000000008a500000, 0x000000008a500000| Untracked 
|  86|0x000000008a600000, 0x000000008a600000, 0x000000008a700000|  0%| F|  |TAMS 0x000000008a600000, 0x000000008a600000| Untracked 
|  87|0x000000008a700000, 0x000000008a700000, 0x000000008a800000|  0%| F|  |TAMS 0x000000008a700000, 0x000000008a700000| Untracked 
|  88|0x000000008a800000, 0x000000008a800000, 0x000000008a900000|  0%| F|  |TAMS 0x000000008a800000, 0x000000008a800000| Untracked 
|  89|0x000000008a900000, 0x000000008a900000, 0x000000008aa00000|  0%| F|  |TAMS 0x000000008a900000, 0x000000008a900000| Untracked 
|  90|0x000000008aa00000, 0x000000008aa00000, 0x000000008ab00000|  0%| F|  |TAMS 0x000000008aa00000, 0x000000008aa00000| Untracked 
|  91|0x000000008ab00000, 0x000000008ab00000, 0x000000008ac00000|  0%| F|  |TAMS 0x000000008ab00000, 0x000000008ab00000| Untracked 
|  92|0x000000008ac00000, 0x000000008ac00000, 0x000000008ad00000|  0%| F|  |TAMS 0x000000008ac00000, 0x000000008ac00000| Untracked 
|  93|0x000000008ad00000, 0x000000008ad00000, 0x000000008ae00000|  0%| F|  |TAMS 0x000000008ad00000, 0x000000008ad00000| Untracked 
|  94|0x000000008ae00000, 0x000000008ae00000, 0x000000008af00000|  0%| F|  |TAMS 0x000000008ae00000, 0x000000008ae00000| Untracked 
|  95|0x000000008af00000, 0x000000008af00000, 0x000000008b000000|  0%| F|  |TAMS 0x000000008af00000, 0x000000008af00000| Untracked 
|  96|0x000000008b000000, 0x000000008b000000, 0x000000008b100000|  0%| F|  |TAMS 0x000000008b000000, 0x000000008b000000| Untracked 
|  97|0x000000008b100000, 0x000000008b100000, 0x000000008b200000|  0%| F|  |TAMS 0x000000008b100000, 0x000000008b100000| Untracked 
|  98|0x000000008b200000, 0x000000008b200000, 0x000000008b300000|  0%| F|  |TAMS 0x000000008b200000, 0x000000008b200000| Untracked 
|  99|0x000000008b300000, 0x000000008b300000, 0x000000008b400000|  0%| F|  |TAMS 0x000000008b300000, 0x000000008b300000| Untracked 
| 100|0x000000008b400000, 0x000000008b400000, 0x000000008b500000|  0%| F|  |TAMS 0x000000008b400000, 0x000000008b400000| Untracked 
| 101|0x000000008b500000, 0x000000008b500000, 0x000000008b600000|  0%| F|  |TAMS 0x000000008b500000, 0x000000008b500000| Untracked 
| 102|0x000000008b600000, 0x000000008b600000, 0x000000008b700000|  0%| F|  |TAMS 0x000000008b600000, 0x000000008b600000| Untracked 
| 103|0x000000008b700000, 0x000000008b700000, 0x000000008b800000|  0%| F|  |TAMS 0x000000008b700000, 0x000000008b700000| Untracked 
| 104|0x000000008b800000, 0x000000008b800000, 0x000000008b900000|  0%| F|  |TAMS 0x000000008b800000, 0x000000008b800000| Untracked 
| 105|0x000000008b900000, 0x000000008b900000, 0x000000008ba00000|  0%| F|  |TAMS 0x000000008b900000, 0x000000008b900000| Untracked 
| 106|0x000000008ba00000, 0x000000008ba00000, 0x000000008bb00000|  0%| F|  |TAMS 0x000000008ba00000, 0x000000008ba00000| Untracked 
| 107|0x000000008bb00000, 0x000000008bb00000, 0x000000008bc00000|  0%| F|  |TAMS 0x000000008bb00000, 0x000000008bb00000| Untracked 
| 108|0x000000008bc00000, 0x000000008bc00000, 0x000000008bd00000|  0%| F|  |TAMS 0x000000008bc00000, 0x000000008bc00000| Untracked 
| 109|0x000000008bd00000, 0x000000008be00000, 0x000000008be00000|100%| S|CS|TAMS 0x000000008bd00000, 0x000000008bd00000| Complete 
| 110|0x000000008be00000, 0x000000008bf00000, 0x000000008bf00000|100%| S|CS|TAMS 0x000000008be00000, 0x000000008be00000| Complete 
| 111|0x000000008bf00000, 0x000000008bf00000, 0x000000008c000000|  0%| F|  |TAMS 0x000000008bf00000, 0x000000008bf00000| Untracked 
| 112|0x000000008c000000, 0x000000008c000000, 0x000000008c100000|  0%| F|  |TAMS 0x000000008c000000, 0x000000008c000000| Untracked 
| 113|0x000000008c100000, 0x000000008c100000, 0x000000008c200000|  0%| F|  |TAMS 0x000000008c100000, 0x000000008c100000| Untracked 
| 114|0x000000008c200000, 0x000000008c200000, 0x000000008c300000|  0%| F|  |TAMS 0x000000008c200000, 0x000000008c200000| Untracked 
| 115|0x000000008c300000, 0x000000008c300000, 0x000000008c400000|  0%| F|  |TAMS 0x000000008c300000, 0x000000008c300000| Untracked 
| 116|0x000000008c400000, 0x000000008c400000, 0x000000008c500000|  0%| F|  |TAMS 0x000000008c400000, 0x000000008c400000| Untracked 
| 117|0x000000008c500000, 0x000000008c500000, 0x000000008c600000|  0%| F|  |TAMS 0x000000008c500000, 0x000000008c500000| Untracked 
| 118|0x000000008c600000, 0x000000008c600000, 0x000000008c700000|  0%| F|  |TAMS 0x000000008c600000, 0x000000008c600000| Untracked 
| 119|0x000000008c700000, 0x000000008c700000, 0x000000008c800000|  0%| F|  |TAMS 0x000000008c700000, 0x000000008c700000| Untracked 
| 120|0x000000008c800000, 0x000000008c846900, 0x000000008c900000| 27%| E|  |TAMS 0x000000008c800000, 0x000000008c800000| Complete 
| 121|0x000000008c900000, 0x000000008ca00000, 0x000000008ca00000|100%| E|CS|TAMS 0x000000008c900000, 0x000000008c900000| Complete 
| 122|0x000000008ca00000, 0x000000008cb00000, 0x000000008cb00000|100%| E|CS|TAMS 0x000000008ca00000, 0x000000008ca00000| Complete 
| 123|0x000000008cb00000, 0x000000008cc00000, 0x000000008cc00000|100%| E|  |TAMS 0x000000008cb00000, 0x000000008cb00000| Complete 

Card table byte_map: [0x00007ff93aa8e000,0x00007ff93ae66000] _byte_map_base: 0x00007ff93a666000

Marking Bits (Prev, Next): (CMBitMap*) 0x00007ff934080d20, (CMBitMap*) 0x00007ff934080d60
 Prev Bits: [0x00007ff9387f6000, 0x00007ff93a6b6000)
 Next Bits: [0x00007ff91f940000, 0x00007ff921800000)

Polling page: 0x00007ff93d01d000

Metaspace:

Usage:
  Non-class:     15,97 MB used.
      Class:      1,80 MB used.
       Both:     17,77 MB used.

Virtual space:
  Non-class space:       24,00 MB reserved,      16,06 MB ( 67%) committed,  3 nodes.
      Class space:        1,00 GB reserved,       1,94 MB ( <1%) committed,  1 nodes.
             Both:        1,02 GB reserved,      18,00 MB (  2%) committed. 

Chunk freelists:
   Non-Class:  3,94 MB
       Class:  2,11 MB
        Both:  6,05 MB

MaxMetaspaceSize: unlimited
CompressedClassSpaceSize: 1,00 GB
Initial GC threshold: 21,00 MB
Current GC threshold: 21,00 MB
CDS: off
MetaspaceReclaimPolicy: balanced
 - commit_granule_bytes: 65536.
 - commit_granule_words: 8192.
 - virtual_space_node_default_size: 1048576.
 - enlarge_chunks_in_place: 1.
 - new_chunks_are_fully_committed: 0.
 - uncommit_free_chunks: 1.
 - use_allocation_guard: 0.
 - handle_deallocations: 1.


Internal statistics:

num_allocs_failed_limit: 0.
num_arena_births: 150.
num_arena_deaths: 0.
num_vsnodes_births: 4.
num_vsnodes_deaths: 0.
num_space_committed: 288.
num_space_uncommitted: 0.
num_chunks_returned_to_freelist: 0.
num_chunks_taken_from_freelist: 242.
num_chunk_merges: 0.
num_chunk_splits: 133.
num_chunks_enlarged: 66.
num_purges: 0.
num_inconsistent_stats: 0.

CodeHeap 'non-profiled nmethods': size=120032Kb used=206Kb max_used=206Kb free=119825Kb
 bounds [0x00007ff9292c8000, 0x00007ff929538000, 0x00007ff930800000]
CodeHeap 'profiled nmethods': size=120028Kb used=692Kb max_used=692Kb free=119335Kb
 bounds [0x00007ff921d91000, 0x00007ff922001000, 0x00007ff9292c8000]
CodeHeap 'non-nmethods': size=5700Kb used=1359Kb max_used=1375Kb free=4340Kb
 bounds [0x00007ff921800000, 0x00007ff921a70000, 0x00007ff921d91000]
 total_blobs=1205 nmethods=557 adapters=562
 compilation: enabled
              stopped_count=0, restarted_count=0
 full_count=0

Compilation events (20 events):
Event: 52,865 Thread 0x00007ff9341b8fb0  556       3       java.lang.String::rangeCheck (9 bytes)
Event: 52,865 Thread 0x00007ff9341b8fb0 nmethod 556 0x00007ff921e3c210 code [0x00007ff921e3c3c0, 0x00007ff921e3c500]
Event: 52,865 Thread 0x00007ff9341b7ad0  557       4       java.lang.StringUTF16::compress (50 bytes)
Event: 52,865 Thread 0x00007ff9341b8fb0  549       3       org.eclipse.jdt.launching.internal.org.objectweb.asm.ClassReader::readUTF8 (23 bytes)
Event: 52,865 Thread 0x00007ff9341b8fb0 nmethod 549 0x00007ff921e3c610 code [0x00007ff921e3c7e0, 0x00007ff921e3ca30]
Event: 52,865 Thread 0x00007ff9341b8fb0  548       3       org.eclipse.jdt.launching.internal.org.objectweb.asm.ClassReader::getItem (7 bytes)
Event: 52,865 Thread 0x00007ff9341b8fb0 nmethod 548 0x00007ff921e3cb10 code [0x00007ff921e3cca0, 0x00007ff921e3cdd0]
Event: 52,865 Thread 0x00007ff9341b8fb0  550       3       org.eclipse.jdt.launching.internal.org.objectweb.asm.SymbolTable::addConstantUtf8 (20 bytes)
Event: 52,866 Thread 0x00007ff9341b8fb0 nmethod 550 0x00007ff921e3ce90 code [0x00007ff921e3d060, 0x00007ff921e3d300]
Event: 52,866 Thread 0x00007ff9341b8fb0  546       3       org.eclipse.jdt.launching.internal.org.objectweb.asm.SymbolTable::hash (10 bytes)
Event: 52,866 Thread 0x00007ff9341b8fb0 nmethod 546 0x00007ff921e3d490 code [0x00007ff921e3d640, 0x00007ff921e3d780]
Event: 52,866 Thread 0x00007ff9341b8fb0  552       3       org.eclipse.jdt.launching.internal.org.objectweb.asm.Symbol::<init> (38 bytes)
Event: 52,866 Thread 0x00007ff9341b8fb0 nmethod 552 0x00007ff921e3d890 code [0x00007ff921e3da40, 0x00007ff921e3dcd0]
Event: 52,866 Thread 0x00007ff9341b8fb0  547       3       org.eclipse.jdt.launching.internal.org.objectweb.asm.SymbolTable$Entry::<init> (17 bytes)
Event: 52,866 Thread 0x00007ff9341b8fb0 nmethod 547 0x00007ff921e3dd90 code [0x00007ff921e3df40, 0x00007ff921e3e0e0]
Event: 52,876 Thread 0x00007ff9341b7ad0 

Event: 52,876 Thread 0x00007ff9341b7ad0  558       4       org.eclipse.jdt.launching.internal.org.objectweb.asm.ClassReader::readUnsignedShort (26 bytes)
Event: 52,876 Thread 0x00007ff9341b7ad0 nmethod 558 0x00007ff9292fb010 code [0x00007ff9292fb1a0, 0x00007ff9292fb298]
Event: 52,876 Thread 0x00007ff9341b7ad0  551       4       java.lang.StringUTF16::compress (20 bytes)
Event: 52,878 Thread 0x00007ff9341b7ad0 nmethod 551 0x00007ff9292fb390 code [0x00007ff9292fb520, 0x00007ff9292fb778]

GC Heap History (2 events):
Event: 7,324 GC heap before
{Heap before GC invocations=0 (full 0):
 garbage-first heap   total 126976K, used 13312K [0x0000000085000000, 0x0000000100000000)
  region size 1024K, 13 young (13312K), 0 survivors (0K)
 Metaspace       used 16856K, committed 17088K, reserved 1064960K
  class space    used 1696K, committed 1856K, reserved 1048576K
}
Event: 7,330 GC heap after
{Heap after GC invocations=1 (full 0):
 garbage-first heap   total 126976K, used 2400K [0x0000000085000000, 0x0000000100000000)
  region size 1024K, 2 young (2048K), 2 survivors (2048K)
 Metaspace       used 16856K, committed 17088K, reserved 1064960K
  class space    used 1696K, committed 1856K, reserved 1048576K
}

Deoptimization events (20 events):
Event: 0,361 Thread 0x00007ff934026cb0 DEOPT PACKING pc=0x00007ff921e0a154 sp=0x00007ff93b912420
Event: 0,361 Thread 0x00007ff934026cb0 DEOPT UNPACKING pc=0x00007ff92185282f sp=0x00007ff93b9118a8 mode 0
Event: 0,362 Thread 0x00007ff934026cb0 DEOPT PACKING pc=0x00007ff921e0a154 sp=0x00007ff93b912420
Event: 0,362 Thread 0x00007ff934026cb0 DEOPT UNPACKING pc=0x00007ff92185282f sp=0x00007ff93b9118a8 mode 0
Event: 0,363 Thread 0x00007ff934026cb0 DEOPT PACKING pc=0x00007ff921e0a154 sp=0x00007ff93b912420
Event: 0,363 Thread 0x00007ff934026cb0 DEOPT UNPACKING pc=0x00007ff92185282f sp=0x00007ff93b9118a8 mode 0
Event: 0,363 Thread 0x00007ff934026cb0 DEOPT PACKING pc=0x00007ff921e0a154 sp=0x00007ff93b912420
Event: 0,363 Thread 0x00007ff934026cb0 DEOPT UNPACKING pc=0x00007ff92185282f sp=0x00007ff93b9118a8 mode 0
Event: 0,364 Thread 0x00007ff934026cb0 DEOPT PACKING pc=0x00007ff921e0a154 sp=0x00007ff93b913690
Event: 0,364 Thread 0x00007ff934026cb0 DEOPT UNPACKING pc=0x00007ff92185282f sp=0x00007ff93b912b18 mode 0
Event: 0,365 Thread 0x00007ff934026cb0 DEOPT PACKING pc=0x00007ff921e0a154 sp=0x00007ff93b9123a0
Event: 0,365 Thread 0x00007ff934026cb0 DEOPT UNPACKING pc=0x00007ff92185282f sp=0x00007ff93b911828 mode 0
Event: 0,367 Thread 0x00007ff934026cb0 DEOPT PACKING pc=0x00007ff921e0a154 sp=0x00007ff93b9135c0
Event: 0,367 Thread 0x00007ff934026cb0 DEOPT UNPACKING pc=0x00007ff92185282f sp=0x00007ff93b912a48 mode 0
Event: 0,369 Thread 0x00007ff934026cb0 DEOPT PACKING pc=0x00007ff921e0a154 sp=0x00007ff93b913680
Event: 0,369 Thread 0x00007ff934026cb0 DEOPT UNPACKING pc=0x00007ff92185282f sp=0x00007ff93b912b08 mode 0
Event: 0,371 Thread 0x00007ff934026cb0 DEOPT PACKING pc=0x00007ff921e0a154 sp=0x00007ff93b912020
Event: 0,371 Thread 0x00007ff934026cb0 DEOPT UNPACKING pc=0x00007ff92185282f sp=0x00007ff93b9114a8 mode 0
Event: 0,372 Thread 0x00007ff934026cb0 DEOPT PACKING pc=0x00007ff921e0a154 sp=0x00007ff93b912020
Event: 0,372 Thread 0x00007ff934026cb0 DEOPT UNPACKING pc=0x00007ff92185282f sp=0x00007ff93b9114a8 mode 0

Classes unloaded (0 events):
No events

Classes redefined (2 events):
Event: 52,869 Thread 0x00007ff93413d1d0 redefined class name=client.SelectParty$1, count=1
Event: 52,869 Thread 0x00007ff93413d1d0 redefined class name=client.SelectParty, count=1

Internal exceptions (12 events):
Event: 3,567 Thread 0x00007ff934026cb0 Exception <a 'java/lang/NoSuchMethodError'{0x000000008c61fea0}: 'java.lang.Object java.lang.invoke.DirectMethodHandle$Holder.invokeStaticInit(java.lang.Object)'> (0x000000008c61fea0) 
thrown [src/hotspot/share/interpreter/linkResolver.cpp, line 758]
Event: 3,594 Thread 0x00007ff934026cb0 Exception <a 'java/lang/NoSuchMethodError'{0x000000008c649ac8}: 'void java.lang.invoke.DirectMethodHandle$Holder.invokeStatic(java.lang.Object, java.lang.Object)'> (0x000000008c649ac8) 
thrown [src/hotspot/share/interpreter/linkResolver.cpp, line 758]
Event: 5,210 Thread 0x00007ff934026cb0 Exception <a 'java/lang/ClassNotFoundException'{0x000000008c52d058}: sun/awt/resources/spi/awtProvider> (0x000000008c52d058) 
thrown [src/hotspot/share/classfile/systemDictionary.cpp, line 256]
Event: 5,459 Thread 0x00007ff934026cb0 Exception <a 'java/io/FileNotFoundException'{0x000000008c5986e0}> (0x000000008c5986e0) 
thrown [src/hotspot/share/prims/jni.cpp, line 516]
Event: 5,625 Thread 0x00007ff934026cb0 Exception <a 'java/io/FileNotFoundException'{0x000000008c5c7738}> (0x000000008c5c7738) 
thrown [src/hotspot/share/prims/jni.cpp, line 516]
Event: 6,119 Thread 0x00007ff934026cb0 Exception <a 'java/lang/NoSuchMethodError'{0x000000008c251100}: 'void java.lang.invoke.DirectMethodHandle$Holder.invokeSpecial(java.lang.Object, java.lang.Object, java.lang.Object)'> (0x000000008c251100) 
thrown [src/hotspot/share/interpreter/linkResolver.cpp, line 758]
Event: 6,210 Thread 0x00007ff934026cb0 Exception <a 'java/lang/NoSuchMethodError'{0x000000008c2b0130}: 'java.lang.Object java.lang.invoke.DirectMethodHandle$Holder.newInvokeSpecial(java.lang.Object, java.lang.Object, java.lang.Object, java.lang.Object, java.lang.Object)'> (0x000000008c2b0130) 
thrown [src/hotspot/share/interpreter/linkResolver.cpp, line 758]
Event: 6,240 Thread 0x00007ff934026cb0 Exception <a 'java/lang/NoSuchMethodError'{0x000000008c2bbaf8}: 'java.lang.Object java.lang.invoke.DirectMethodHandle$Holder.invokeStatic(java.lang.Object, int, java.lang.Object, java.lang.Object, java.lang.Object, java.lang.Object)'> (0x000000008c2bbaf8) 
thrown [src/hotspot/share/interpreter/linkResolver.cpp, line 758]
Event: 6,337 Thread 0x00007ff934026cb0 Exception <a 'java/lang/NoSuchMethodError'{0x000000008c2e18e8}: 'java.lang.Object java.lang.invoke.DirectMethodHandle$Holder.invokeStatic(java.lang.Object, int, java.lang.Object)'> (0x000000008c2e18e8) 
thrown [src/hotspot/share/interpreter/linkResolver.cpp, line 758]
Event: 6,837 Thread 0x00007ff934026cb0 Exception <a 'java/lang/ClassNotFoundException'{0x000000008c1d4da8}: com/sun/swing/internal/plaf/metal/resources/spi/metalProvider> (0x000000008c1d4da8) 
thrown [src/hotspot/share/classfile/systemDictionary.cpp, line 256]
Event: 6,849 Thread 0x00007ff934026cb0 Exception <a 'java/lang/ClassNotFoundException'{0x000000008c1dcd40}: com/sun/swing/internal/plaf/basic/resources/spi/basicProvider> (0x000000008c1dcd40) 
thrown [src/hotspot/share/classfile/systemDictionary.cpp, line 256]
Event: 7,190 Thread 0x00007ff934026cb0 Exception <a 'java/lang/NoSuchMethodError'{0x000000008bfa42d0}: 'void java.lang.invoke.DirectMethodHandle$Holder.invokeStaticInit(java.lang.Object)'> (0x000000008bfa42d0) 
thrown [src/hotspot/share/interpreter/linkResolver.cpp, line 758]

VM Operations (20 events):
Event: 17,354 Executing VM operation: ChangeSingleStep
Event: 17,354 Executing VM operation: ChangeSingleStep done
Event: 17,354 Executing VM operation: ChangeSingleStep
Event: 17,354 Executing VM operation: ChangeSingleStep done
Event: 17,357 Executing VM operation: get/set locals
Event: 17,358 Executing VM operation: get/set locals done
Event: 43,362 Executing VM operation: Cleanup
Event: 43,362 Executing VM operation: Cleanup done
Event: 52,857 Executing VM operation: ChangeSingleStep
Event: 52,857 Executing VM operation: ChangeSingleStep done
Event: 52,858 Executing VM operation: ChangeSingleStep
Event: 52,858 Executing VM operation: ChangeSingleStep done
Event: 52,868 Executing VM operation: RedefineClasses
Event: 52,872 Executing VM operation: RedefineClasses done
Event: 52,878 Executing VM operation: ChangeBreakpoints
Event: 52,878 Executing VM operation: ChangeBreakpoints done
Event: 52,881 Executing VM operation: ChangeSingleStep
Event: 52,881 Executing VM operation: ChangeSingleStep done
Event: 52,882 Executing VM operation: ChangeSingleStep
Event: 52,882 Executing VM operation: ChangeSingleStep done

Events (20 events):
Event: 11,284 loading class java/util/concurrent/FutureTask
Event: 11,285 loading class java/util/concurrent/RunnableFuture
Event: 11,285 loading class java/util/concurrent/Future
Event: 11,285 loading class java/util/concurrent/Future done
Event: 11,285 loading class java/util/concurrent/RunnableFuture done
Event: 11,285 loading class java/util/concurrent/FutureTask done
Event: 11,288 loading class java/util/concurrent/FutureTask$WaitNode
Event: 11,289 loading class java/util/concurrent/FutureTask$WaitNode done
Event: 11,292 loading class java/util/concurrent/ThreadPoolExecutor$Worker
Event: 11,292 loading class java/util/concurrent/ThreadPoolExecutor$Worker done
Event: 11,294 loading class java/lang/Thread$State
Event: 11,294 loading class java/lang/Thread$State done
Event: 11,294 Thread 0x00007ff9346c8ac0 Thread added: 0x00007ff9346c8ac0
Event: 11,294 Protecting memory [0x00007ff8d5ce3000,0x00007ff8d5ce7000] with protection modes 0
Event: 11,295 loading class java/lang/IllegalThreadStateException
Event: 11,295 loading class java/lang/IllegalThreadStateException done
Event: 17,324 loading class java/lang/Throwable$WrappedPrintStream
Event: 17,324 loading class java/lang/Throwable$PrintStreamOrWriter
Event: 17,325 loading class java/lang/Throwable$PrintStreamOrWriter done
Event: 17,325 loading class java/lang/Throwable$WrappedPrintStream done


Dynamic libraries:
85000000-8cc00000 rw-p 00000000 00:00 0 
8cc00000-100000000 ---p 00000000 00:00 0 
100000000-100010000 rw-p 00000000 00:00 0 
100010000-100030000 rw-p 00000000 00:00 0 
100030000-1000f0000 rw-p 00000000 00:00 0 
1000f0000-100130000 rw-p 00000000 00:00 0 
100130000-1001b0000 rw-p 00000000 00:00 0 
1001b0000-1001d0000 rw-p 00000000 00:00 0 
1001d0000-1001e0000 ---p 00000000 00:00 0 
1001e0000-100200000 rw-p 00000000 00:00 0 
100200000-140000000 ---p 00000000 00:00 0 
55c27f921000-55c27f922000 r--p 00000000 08:06 6571199                    /usr/lib/eclipse/plugins/org.eclipse.justj.openjdk.hotspot.jre.full.linux.x86_64_17.0.4.v20220903-1038/jre/bin/java
55c27f922000-55c27f923000 r-xp 00001000 08:06 6571199                    /usr/lib/eclipse/plugins/org.eclipse.justj.openjdk.hotspot.jre.full.linux.x86_64_17.0.4.v20220903-1038/jre/bin/java
55c27f923000-55c27f924000 r--p 00002000 08:06 6571199                    /usr/lib/eclipse/plugins/org.eclipse.justj.openjdk.hotspot.jre.full.linux.x86_64_17.0.4.v20220903-1038/jre/bin/java
55c27f924000-55c27f925000 r--p 00002000 08:06 6571199                    /usr/lib/eclipse/plugins/org.eclipse.justj.openjdk.hotspot.jre.full.linux.x86_64_17.0.4.v20220903-1038/jre/bin/java
55c27f925000-55c27f926000 rw-p 00003000 08:06 6571199                    /usr/lib/eclipse/plugins/org.eclipse.justj.openjdk.hotspot.jre.full.linux.x86_64_17.0.4.v20220903-1038/jre/bin/java
55c280d90000-55c280db1000 rw-p 00000000 00:00 0                          [heap]
7ff8a0000000-7ff8a0021000 rw-p 00000000 00:00 0 
7ff8a0021000-7ff8a4000000 ---p 00000000 00:00 0 
7ff8a8000000-7ff8a8021000 rw-p 00000000 00:00 0 
7ff8a8021000-7ff8ac000000 ---p 00000000 00:00 0 
7ff8ac000000-7ff8ac021000 rw-p 00000000 00:00 0 
7ff8ac021000-7ff8b0000000 ---p 00000000 00:00 0 
7ff8b0000000-7ff8b0021000 rw-p 00000000 00:00 0 
7ff8b0021000-7ff8b4000000 ---p 00000000 00:00 0 
7ff8b4000000-7ff8b4021000 rw-p 00000000 00:00 0 
7ff8b4021000-7ff8b8000000 ---p 00000000 00:00 0 
7ff8b8000000-7ff8b8021000 rw-p 00000000 00:00 0 
7ff8b8021000-7ff8bc000000 ---p 00000000 00:00 0 
7ff8bc000000-7ff8bc021000 rw-p 00000000 00:00 0 
7ff8bc021000-7ff8c0000000 ---p 00000000 00:00 0 
7ff8c0000000-7ff8c0021000 rw-p 00000000 00:00 0 
7ff8c0021000-7ff8c4000000 ---p 00000000 00:00 0 
7ff8c4000000-7ff8c4021000 rw-p 00000000 00:00 0 
7ff8c4021000-7ff8c8000000 ---p 00000000 00:00 0 
7ff8c8000000-7ff8c8124000 rw-p 00000000 00:00 0 
7ff8c8124000-7ff8cc000000 ---p 00000000 00:00 0 
7ff8cc000000-7ff8cc021000 rw-p 00000000 00:00 0 
7ff8cc021000-7ff8d0000000 ---p 00000000 00:00 0 
7ff8d0000000-7ff8d0021000 rw-p 00000000 00:00 0 
7ff8d0021000-7ff8d4000000 ---p 00000000 00:00 0 
7ff8d5400000-7ff8d5410000 rw-p 00000000 00:00 0 
7ff8d5410000-7ff8d5c00000 ---p 00000000 00:00 0 
7ff8d5ce3000-7ff8d5ce7000 ---p 00000000 00:00 0 
7ff8d5ce7000-7ff8d5de3000 rw-p 00000000 00:00 0 
7ff8d5de3000-7ff8d5de7000 ---p 00000000 00:00 0 
7ff8d5de7000-7ff8d5ee3000 rw-p 00000000 00:00 0 
7ff8d5ee3000-7ff8d5ee7000 ---p 00000000 00:00 0 
7ff8d5ee7000-7ff8d5fe3000 rw-p 00000000 00:00 0 
7ff8d5fe3000-7ff8d5fe4000 ---p 00000000 00:00 0 
7ff8d5fe4000-7ff8d60e5000 rw-p 00000000 00:00 0 
7ff8d60e5000-7ff8d60e6000 ---p 00000000 00:00 0 
7ff8d60e6000-7ff8d61e7000 rw-p 00000000 00:00 0 
7ff8d61e7000-7ff8d61e8000 ---p 00000000 00:00 0 
7ff8d61e8000-7ff8d62e9000 rw-p 00000000 00:00 0 
7ff8d62e9000-7ff8d62ed000 ---p 00000000 00:00 0 
7ff8d62ed000-7ff8d63e9000 rw-p 00000000 00:00 0 
7ff8d63e9000-7ff8d6400000 r--s 00000000 08:06 6042920                    /var/cache/fontconfig/ffabee0e3ed22a06206923f7fac5e1c0-le64.cache-8
7ff8d6400000-7ff8d681f000 r--s 00000000 08:06 6042922                    /var/cache/fontconfig/923e285e415b1073c8df160bee08820f-le64.cache-8
7ff8d6820000-7ff8d6829000 r--s 00000000 08:06 6042921                    /var/cache/fontconfig/8087dfd67547a1134e1b315c0e6294c3-le64.cache-8
7ff8d6829000-7ff8d6832000 r--s 00000000 08:06 6042919                    /var/cache/fontconfig/9f18a0df8bc37d83c3ea2376c06ff3af-le64.cache-8
7ff8d6832000-7ff8d683d000 r--s 00000000 08:06 6042918                    /var/cache/fontconfig/25af1fc25f11a29b4bde933093acd51c-le64.cache-8
7ff8d683d000-7ff8d6848000 r--s 00000000 08:06 6042917                    /var/cache/fontconfig/2b34ab0a2048ea31d208a7dc116fb2f3-le64.cache-8
7ff8d6848000-7ff8d6853000 r--s 00000000 08:06 6042916                    /var/cache/fontconfig/742beb53257c10cf578c07a0f3b00110-le64.cache-8
7ff8d6853000-7ff8d685e000 r--s 00000000 08:06 6042915                    /var/cache/fontconfig/cb60976e0ef8d2b17a86838bea532586-le64.cache-8
7ff8d685e000-7ff8d686a000 r--s 00000000 08:06 12217251                   /home/javier/.cache/fontconfig/7ac4dc03f7fb42376057d216e04fafde-le64.cache-8
7ff8d686a000-7ff8d6890000 r--s 00000000 08:06 6042923                    /var/cache/fontconfig/f2e43df3287529323e79e7929dc44cc9-le64.cache-8
7ff8d6890000-7ff8d689f000 r--s 00000000 08:06 6042901                    /var/cache/fontconfig/491f45a0a771fef1c10b9b647a97fb82-le64.cache-8
7ff8d689f000-7ff8d68b3000 r--s 00000000 08:06 6042900                    /var/cache/fontconfig/614d1caaa4d7914789410f6367de37ca-le64.cache-8
7ff8d68b3000-7ff8d694a000 r--s 00000000 08:06 6042290                    /var/cache/fontconfig/17090aa38d5c6f09fb8c5c354938f1d7-le64.cache-8
7ff8d694a000-7ff8d69e2000 r--s 00000000 08:06 6042308                    /var/cache/fontconfig/df311e82a1a24c41a75c2c930223552e-le64.cache-8
7ff8d6a5b000-7ff8d6a5f000 ---p 00000000 00:00 0 
7ff8d6a5f000-7ff8d6b5b000 rw-p 00000000 00:00 0 
7ff8d6b5b000-7ff8d6b5e000 r--p 00000000 08:06 5270278                    /usr/lib/libXcursor.so.1.0.2
7ff8d6b5e000-7ff8d6b63000 r-xp 00003000 08:06 5270278                    /usr/lib/libXcursor.so.1.0.2
7ff8d6b63000-7ff8d6b65000 r--p 00008000 08:06 5270278                    /usr/lib/libXcursor.so.1.0.2
7ff8d6b65000-7ff8d6b66000 r--p 00009000 08:06 5270278                    /usr/lib/libXcursor.so.1.0.2
7ff8d6b66000-7ff8d6b67000 rw-p 0000a000 08:06 5270278                    /usr/lib/libXcursor.so.1.0.2
7ff8d6b67000-7ff8d6b6a000 r--p 00000000 08:06 5256502                    /usr/lib/libpcre2-8.so.0.11.0
7ff8d6b6a000-7ff8d6bd5000 r-xp 00003000 08:06 5256502                    /usr/lib/libpcre2-8.so.0.11.0
7ff8d6bd5000-7ff8d6c00000 r--p 0006e000 08:06 5256502                    /usr/lib/libpcre2-8.so.0.11.0
7ff8d6c00000-7ff8d6c01000 r--p 00099000 08:06 5256502                    /usr/lib/libpcre2-8.so.0.11.0
7ff8d6c01000-7ff8d6c02000 rw-p 0009a000 08:06 5256502                    /usr/lib/libpcre2-8.so.0.11.0
7ff8d6c02000-7ff8d6c03000 r--p 00000000 08:06 5257837                    /usr/lib/libbrotlicommon.so.1.0.9
7ff8d6c03000-7ff8d6c04000 r-xp 00001000 08:06 5257837                    /usr/lib/libbrotlicommon.so.1.0.9
7ff8d6c04000-7ff8d6c23000 r--p 00002000 08:06 5257837                    /usr/lib/libbrotlicommon.so.1.0.9
7ff8d6c23000-7ff8d6c24000 r--p 00020000 08:06 5257837                    /usr/lib/libbrotlicommon.so.1.0.9
7ff8d6c24000-7ff8d6c25000 rw-p 00021000 08:06 5257837                    /usr/lib/libbrotlicommon.so.1.0.9
7ff8d6c25000-7ff8d6c42000 r--p 00000000 08:06 5258764                    /usr/lib/libglib-2.0.so.0.7400.4
7ff8d6c42000-7ff8d6cd5000 r-xp 0001d000 08:06 5258764                    /usr/lib/libglib-2.0.so.0.7400.4
7ff8d6cd5000-7ff8d6d61000 r--p 000b0000 08:06 5258764                    /usr/lib/libglib-2.0.so.0.7400.4
7ff8d6d61000-7ff8d6d62000 r--p 0013c000 08:06 5258764                    /usr/lib/libglib-2.0.so.0.7400.4
7ff8d6d62000-7ff8d6d63000 rw-p 0013d000 08:06 5258764                    /usr/lib/libglib-2.0.so.0.7400.4
7ff8d6d63000-7ff8d6d64000 rw-p 00000000 00:00 0 
7ff8d6d64000-7ff8d6d67000 r--p 00000000 08:06 5265630                    /usr/lib/libgraphite2.so.3.2.1
7ff8d6d67000-7ff8d6d7f000 r-xp 00003000 08:06 5265630                    /usr/lib/libgraphite2.so.3.2.1
7ff8d6d7f000-7ff8d6d82000 r--p 0001b000 08:06 5265630                    /usr/lib/libgraphite2.so.3.2.1
7ff8d6d82000-7ff8d6d83000 ---p 0001e000 08:06 5265630                    /usr/lib/libgraphite2.so.3.2.1
7ff8d6d83000-7ff8d6d85000 r--p 0001e000 08:06 5265630                    /usr/lib/libgraphite2.so.3.2.1
7ff8d6d85000-7ff8d6d86000 rw-p 00020000 08:06 5265630                    /usr/lib/libgraphite2.so.3.2.1
7ff8d6d86000-7ff8d6d87000 r--p 00000000 08:06 5257842                    /usr/lib/libbrotlidec.so.1.0.9
7ff8d6d87000-7ff8d6d8f000 r-xp 00001000 08:06 5257842                    /usr/lib/libbrotlidec.so.1.0.9
7ff8d6d8f000-7ff8d6d92000 r--p 00009000 08:06 5257842                    /usr/lib/libbrotlidec.so.1.0.9
7ff8d6d92000-7ff8d6d93000 r--p 0000b000 08:06 5257842                    /usr/lib/libbrotlidec.so.1.0.9
7ff8d6d93000-7ff8d6d94000 rw-p 0000c000 08:06 5257842                    /usr/lib/libbrotlidec.so.1.0.9
7ff8d6d94000-7ff8d6d9f000 r--p 00000000 08:06 5268160                    /usr/lib/libharfbuzz.so.0.60000.0
7ff8d6d9f000-7ff8d6e48000 r-xp 0000b000 08:06 5268160                    /usr/lib/libharfbuzz.so.0.60000.0
7ff8d6e48000-7ff8d6e7b000 r--p 000b4000 08:06 5268160                    /usr/lib/libharfbuzz.so.0.60000.0
7ff8d6e7b000-7ff8d6e7c000 r--p 000e7000 08:06 5268160                    /usr/lib/libharfbuzz.so.0.60000.0
7ff8d6e7c000-7ff8d6e7d000 rw-p 000e8000 08:06 5268160                    /usr/lib/libharfbuzz.so.0.60000.0
7ff8d6e7d000-7ff8d6e83000 r--p 00000000 08:06 5265624                    /usr/lib/libpng16.so.16.39.0
7ff8d6e83000-7ff8d6eaa000 r-xp 00006000 08:06 5265624                    /usr/lib/libpng16.so.16.39.0
7ff8d6eaa000-7ff8d6eb4000 r--p 0002d000 08:06 5265624                    /usr/lib/libpng16.so.16.39.0
7ff8d6eb4000-7ff8d6eb5000 r--p 00037000 08:06 5265624                    /usr/lib/libpng16.so.16.39.0
7ff8d6eb5000-7ff8d6eb6000 rw-p 00038000 08:06 5265624                    /usr/lib/libpng16.so.16.39.0
7ff8d6eb6000-7ff8d6ec4000 r--p 00000000 08:06 5265651                    /usr/lib/libfreetype.so.6.18.3
7ff8d6ec4000-7ff8d6f46000 r-xp 0000e000 08:06 5265651                    /usr/lib/libfreetype.so.6.18.3
7ff8d6f46000-7ff8d6f7c000 r--p 00090000 08:06 5265651                    /usr/lib/libfreetype.so.6.18.3
7ff8d6f7c000-7ff8d6f7d000 ---p 000c6000 08:06 5265651                    /usr/lib/libfreetype.so.6.18.3
7ff8d6f7d000-7ff8d6f84000 r--p 000c6000 08:06 5265651                    /usr/lib/libfreetype.so.6.18.3
7ff8d6f84000-7ff8d6f85000 rw-p 000cd000 08:06 5265651                    /usr/lib/libfreetype.so.6.18.3
7ff8d6f85000-7ff8d6f9a000 r--s 00000000 08:06 6042898                    /var/cache/fontconfig/409fa0c256bdaa15a3604ed27c99db9d-le64.cache-8
7ff8d6f9a000-7ff8d6fb3000 r--s 00000000 08:06 6042897                    /var/cache/fontconfig/fb42211fc6e0c1a73c189e83d3791827-le64.cache-8
7ff8d6fb3000-7ff8d6fc0000 r--s 00000000 08:06 6040585                    /var/cache/fontconfig/210c0516121708a580e22e6b1f9a103a-le64.cache-8
7ff8d6fc0000-7ff8d6fc8000 r--s 00000000 08:06 6040022                    /var/cache/fontconfig/f6b893a7224233d96cb72fd88691c0b4-le64.cache-8
7ff8d6fc8000-7ff8d6fce000 r--p 00000000 08:06 6571577                    /usr/lib/eclipse/plugins/org.eclipse.justj.openjdk.hotspot.jre.full.linux.x86_64_17.0.4.v20220903-1038/jre/lib/libfontmanager.so
7ff8d6fce000-7ff8d7108000 r-xp 00006000 08:06 6571577                    /usr/lib/eclipse/plugins/org.eclipse.justj.openjdk.hotspot.jre.full.linux.x86_64_17.0.4.v20220903-1038/jre/lib/libfontmanager.so
7ff8d7108000-7ff8d7149000 r--p 00140000 08:06 6571577                    /usr/lib/eclipse/plugins/org.eclipse.justj.openjdk.hotspot.jre.full.linux.x86_64_17.0.4.v20220903-1038/jre/lib/libfontmanager.so
7ff8d7149000-7ff8d714b000 r--p 00180000 08:06 6571577                    /usr/lib/eclipse/plugins/org.eclipse.justj.openjdk.hotspot.jre.full.linux.x86_64_17.0.4.v20220903-1038/jre/lib/libfontmanager.so
7ff8d714b000-7ff8d714c000 rw-p 00182000 08:06 6571577                    /usr/lib/eclipse/plugins/org.eclipse.justj.openjdk.hotspot.jre.full.linux.x86_64_17.0.4.v20220903-1038/jre/lib/libfontmanager.so
7ff8d714c000-7ff8d714d000 rw-p 00000000 00:00 0 
7ff8d714d000-7ff8d7159000 r--p 00000000 08:06 5265823                    /usr/lib/libxcb.so.1.1.0
7ff8d7159000-7ff8d716d000 r-xp 0000c000 08:06 5265823                    /usr/lib/libxcb.so.1.1.0
7ff8d716d000-7ff8d7176000 r--p 00020000 08:06 5265823                    /usr/lib/libxcb.so.1.1.0
7ff8d7176000-7ff8d7177000 r--p 00028000 08:06 5265823                    /usr/lib/libxcb.so.1.1.0
7ff8d7177000-7ff8d7178000 rw-p 00029000 08:06 5265823                    /usr/lib/libxcb.so.1.1.0
7ff8d7178000-7ff8d7194000 r--p 00000000 08:06 5268164                    /usr/lib/libX11.so.6.4.0
7ff8d7194000-7ff8d721f000 r-xp 0001c000 08:06 5268164                    /usr/lib/libX11.so.6.4.0
7ff8d721f000-7ff8d72b4000 r--p 000a7000 08:06 5268164                    /usr/lib/libX11.so.6.4.0
7ff8d72b4000-7ff8d72b7000 r--p 0013b000 08:06 5268164                    /usr/lib/libX11.so.6.4.0
7ff8d72b7000-7ff8d72bb000 rw-p 0013e000 08:06 5268164                    /usr/lib/libX11.so.6.4.0
7ff8d72be000-7ff8d72c0000 r--p 00000000 08:06 5269272                    /usr/lib/libXfixes.so.3.1.0
7ff8d72c0000-7ff8d72c3000 r-xp 00002000 08:06 5269272                    /usr/lib/libXfixes.so.3.1.0
7ff8d72c3000-7ff8d72c4000 r--p 00005000 08:06 5269272                    /usr/lib/libXfixes.so.3.1.0
7ff8d72c4000-7ff8d72c5000 r--p 00006000 08:06 5269272                    /usr/lib/libXfixes.so.3.1.0
7ff8d72c5000-7ff8d72c6000 rw-p 00007000 08:06 5269272                    /usr/lib/libXfixes.so.3.1.0
7ff8d72c6000-7ff8d72c8000 r--p 00000000 08:06 5256331                    /usr/lib/libbz2.so.1.0.8
7ff8d72c8000-7ff8d72d5000 r-xp 00002000 08:06 5256331                    /usr/lib/libbz2.so.1.0.8
7ff8d72d5000-7ff8d72d7000 r--p 0000f000 08:06 5256331                    /usr/lib/libbz2.so.1.0.8
7ff8d72d7000-7ff8d72d8000 r--p 00010000 08:06 5256331                    /usr/lib/libbz2.so.1.0.8
7ff8d72d8000-7ff8d72d9000 rw-p 00011000 08:06 5256331                    /usr/lib/libbz2.so.1.0.8
7ff8d72d9000-7ff8d72fe000 r--p 00000000 08:06 5320345                    /usr/share/locale/ca/LC_MESSAGES/libc.mo
7ff8d72fe000-7ff8d72ff000 ---p 00000000 00:00 0 
7ff8d72ff000-7ff8d7470000 rw-p 00000000 00:00 0 
7ff8d7470000-7ff8d74f0000 rw-p 00000000 00:00 0 
7ff8d74f0000-7ff8d7630000 rw-p 00000000 00:00 0 
7ff8d7630000-7ff8d7670000 rw-p 00000000 00:00 0 
7ff8d7670000-7ff8d76f0000 rw-p 00000000 00:00 0 
7ff8d76f0000-7ff8d7810000 rw-p 00000000 00:00 0 
7ff8d7810000-7ff8d7830000 rw-p 00000000 00:00 0 
7ff8d7830000-7ff8d7870000 rw-p 00000000 00:00 0 
7ff8d7870000-7ff8d78f0000 rw-p 00000000 00:00 0 
7ff8d78f0000-7ff8d7c00000 rw-p 00000000 00:00 0 
7ff8d7c00000-7ff8d7c06000 r--s 00000000 08:06 6042275                    /var/cache/fontconfig/b67b32625a2bb51b023d3814a918f351-le64.cache-8
7ff8d7c06000-7ff8d7c07000 r--p 00000000 08:06 5270452                    /usr/lib/libXinerama.so.1.0.0
7ff8d7c07000-7ff8d7c08000 r-xp 00001000 08:06 5270452                    /usr/lib/libXinerama.so.1.0.0
7ff8d7c08000-7ff8d7c09000 r--p 00002000 08:06 5270452                    /usr/lib/libXinerama.so.1.0.0
7ff8d7c09000-7ff8d7c0a000 r--p 00002000 08:06 5270452                    /usr/lib/libXinerama.so.1.0.0
7ff8d7c0a000-7ff8d7c0b000 rw-p 00003000 08:06 5270452                    /usr/lib/libXinerama.so.1.0.0
7ff8d7c0b000-7ff8d7c0d000 r--p 00000000 08:06 5256665                    /usr/lib/libXdmcp.so.6.0.0
7ff8d7c0d000-7ff8d7c0f000 r-xp 00002000 08:06 5256665                    /usr/lib/libXdmcp.so.6.0.0
7ff8d7c0f000-7ff8d7c11000 r--p 00004000 08:06 5256665                    /usr/lib/libXdmcp.so.6.0.0
7ff8d7c11000-7ff8d7c12000 r--p 00005000 08:06 5256665                    /usr/lib/libXdmcp.so.6.0.0
7ff8d7c12000-7ff8d7c13000 rw-p 00006000 08:06 5256665                    /usr/lib/libXdmcp.so.6.0.0
7ff8d7c13000-7ff8d7c40000 r--p 00000000 08:06 6571572                    /usr/lib/eclipse/plugins/org.eclipse.justj.openjdk.hotspot.jre.full.linux.x86_64_17.0.4.v20220903-1038/jre/lib/libawt.so
7ff8d7c40000-7ff8d7cc2000 r-xp 0002d000 08:06 6571572                    /usr/lib/eclipse/plugins/org.eclipse.justj.openjdk.hotspot.jre.full.linux.x86_64_17.0.4.v20220903-1038/jre/lib/libawt.so
7ff8d7cc2000-7ff8d7ccf000 r--p 000af000 08:06 6571572                    /usr/lib/eclipse/plugins/org.eclipse.justj.openjdk.hotspot.jre.full.linux.x86_64_17.0.4.v20220903-1038/jre/lib/libawt.so
7ff8d7ccf000-7ff8d7cd0000 r--p 000bb000 08:06 6571572                    /usr/lib/eclipse/plugins/org.eclipse.justj.openjdk.hotspot.jre.full.linux.x86_64_17.0.4.v20220903-1038/jre/lib/libawt.so
7ff8d7cd0000-7ff8d7cdb000 rw-p 000bc000 08:06 6571572                    /usr/lib/eclipse/plugins/org.eclipse.justj.openjdk.hotspot.jre.full.linux.x86_64_17.0.4.v20220903-1038/jre/lib/libawt.so
7ff8d7cdb000-7ff8d7d00000 rw-p 00000000 00:00 0 
7ff8d7d00000-7ff8d7d04000 ---p 00000000 00:00 0 
7ff8d7d04000-7ff8d7e00000 rw-p 00000000 00:00 0 
7ff8d7e00000-7ff8d7e04000 ---p 00000000 00:00 0 
7ff8d7e04000-7ff8d7f00000 rw-p 00000000 00:00 0 
7ff8d7f00000-7ff8d7f04000 ---p 00000000 00:00 0 
7ff8d7f04000-7ff8d8000000 rw-p 00000000 00:00 0 
7ff8d8000000-7ff8d8021000 rw-p 00000000 00:00 0 
7ff8d8021000-7ff8dc000000 ---p 00000000 00:00 0 
7ff8dc000000-7ff8dc021000 rw-p 00000000 00:00 0 
7ff8dc021000-7ff8e0000000 ---p 00000000 00:00 0 
7ff8e0000000-7ff8e0021000 rw-p 00000000 00:00 0 
7ff8e0021000-7ff8e4000000 ---p 00000000 00:00 0 
7ff8e4000000-7ff8e4021000 rw-p 00000000 00:00 0 
7ff8e4021000-7ff8e8000000 ---p 00000000 00:00 0 
7ff8e8000000-7ff8e8295000 rw-p 00000000 00:00 0 
7ff8e8295000-7ff8ec000000 ---p 00000000 00:00 0 
7ff8ec000000-7ff8ec196000 rw-p 00000000 00:00 0 
7ff8ec196000-7ff8f0000000 ---p 00000000 00:00 0 
7ff8f0000000-7ff8f0021000 rw-p 00000000 00:00 0 
7ff8f0021000-7ff8f4000000 ---p 00000000 00:00 0 
7ff8f4000000-7ff8f4021000 rw-p 00000000 00:00 0 
7ff8f4021000-7ff8f8000000 ---p 00000000 00:00 0 
7ff8f8000000-7ff8f8021000 rw-p 00000000 00:00 0 
7ff8f8021000-7ff8fc000000 ---p 00000000 00:00 0 
7ff8fc000000-7ff8fc021000 rw-p 00000000 00:00 0 
7ff8fc021000-7ff900000000 ---p 00000000 00:00 0 
7ff900000000-7ff900021000 rw-p 00000000 00:00 0 
7ff900021000-7ff904000000 ---p 00000000 00:00 0 
7ff904000000-7ff904021000 rw-p 00000000 00:00 0 
7ff904021000-7ff908000000 ---p 00000000 00:00 0 
7ff908000000-7ff908021000 rw-p 00000000 00:00 0 
7ff908021000-7ff90c000000 ---p 00000000 00:00 0 
7ff90c000000-7ff90c021000 rw-p 00000000 00:00 0 
7ff90c021000-7ff910000000 ---p 00000000 00:00 0 
7ff910000000-7ff910021000 rw-p 00000000 00:00 0 
7ff910021000-7ff914000000 ---p 00000000 00:00 0 
7ff914000000-7ff914021000 rw-p 00000000 00:00 0 
7ff914021000-7ff918000000 ---p 00000000 00:00 0 
7ff918000000-7ff918021000 rw-p 00000000 00:00 0 
7ff918021000-7ff91c000000 ---p 00000000 00:00 0 
7ff91c001000-7ff91c002000 r--p 00000000 08:06 5265721                    /usr/lib/libXau.so.6.0.0
7ff91c002000-7ff91c003000 r-xp 00001000 08:06 5265721                    /usr/lib/libXau.so.6.0.0
7ff91c003000-7ff91c004000 r--p 00002000 08:06 5265721                    /usr/lib/libXau.so.6.0.0
7ff91c004000-7ff91c005000 r--p 00002000 08:06 5265721                    /usr/lib/libXau.so.6.0.0
7ff91c005000-7ff91c006000 rw-p 00003000 08:06 5265721                    /usr/lib/libXau.so.6.0.0
7ff91c006000-7ff91c016000 r--p 00000000 08:06 6571574                    /usr/lib/eclipse/plugins/org.eclipse.justj.openjdk.hotspot.jre.full.linux.x86_64_17.0.4.v20220903-1038/jre/lib/libawt_xawt.so
7ff91c016000-7ff91c053000 r-xp 00010000 08:06 6571574                    /usr/lib/eclipse/plugins/org.eclipse.justj.openjdk.hotspot.jre.full.linux.x86_64_17.0.4.v20220903-1038/jre/lib/libawt_xawt.so
7ff91c053000-7ff91c064000 r--p 0004d000 08:06 6571574                    /usr/lib/eclipse/plugins/org.eclipse.justj.openjdk.hotspot.jre.full.linux.x86_64_17.0.4.v20220903-1038/jre/lib/libawt_xawt.so
7ff91c064000-7ff91c065000 ---p 0005e000 08:06 6571574                    /usr/lib/eclipse/plugins/org.eclipse.justj.openjdk.hotspot.jre.full.linux.x86_64_17.0.4.v20220903-1038/jre/lib/libawt_xawt.so
7ff91c065000-7ff91c066000 r--p 0005e000 08:06 6571574                    /usr/lib/eclipse/plugins/org.eclipse.justj.openjdk.hotspot.jre.full.linux.x86_64_17.0.4.v20220903-1038/jre/lib/libawt_xawt.so
7ff91c066000-7ff91c068000 rw-p 0005f000 08:06 6571574                    /usr/lib/eclipse/plugins/org.eclipse.justj.openjdk.hotspot.jre.full.linux.x86_64_17.0.4.v20220903-1038/jre/lib/libawt_xawt.so
7ff91c068000-7ff91c06a000 rw-p 00000000 00:00 0 
7ff91c06a000-7ff91c06e000 ---p 00000000 00:00 0 
7ff91c06e000-7ff91c16a000 rw-p 00000000 00:00 0 
7ff91c16a000-7ff91c16e000 ---p 00000000 00:00 0 
7ff91c16e000-7ff91c26a000 rw-p 00000000 00:00 0 
7ff91c26a000-7ff91c271000 r--p 00000000 08:06 5261618                    /usr/lib/libnss_mymachines.so.2
7ff91c271000-7ff91c2a5000 r-xp 00007000 08:06 5261618                    /usr/lib/libnss_mymachines.so.2
7ff91c2a5000-7ff91c2b8000 r--p 0003b000 08:06 5261618                    /usr/lib/libnss_mymachines.so.2
7ff91c2b8000-7ff91c2bb000 r--p 0004e000 08:06 5261618                    /usr/lib/libnss_mymachines.so.2
7ff91c2bb000-7ff91c2bc000 rw-p 00051000 08:06 5261618                    /usr/lib/libnss_mymachines.so.2
7ff91c2bc000-7ff91c2bd000 rw-p 00000000 00:00 0 
7ff91c2bf000-7ff91c2c2000 r--p 00000000 08:06 5270343                    /usr/lib/libXi.so.6.1.0
7ff91c2c2000-7ff91c2ce000 r-xp 00003000 08:06 5270343                    /usr/lib/libXi.so.6.1.0
7ff91c2ce000-7ff91c2d1000 r--p 0000f000 08:06 5270343                    /usr/lib/libXi.so.6.1.0
7ff91c2d1000-7ff91c2d2000 r--p 00011000 08:06 5270343                    /usr/lib/libXi.so.6.1.0
7ff91c2d2000-7ff91c2d3000 rw-p 00012000 08:06 5270343                    /usr/lib/libXi.so.6.1.0
7ff91c2d3000-7ff91c2d7000 r--p 00000000 08:06 5268992                    /usr/lib/libXext.so.6.4.0
7ff91c2d7000-7ff91c2e2000 r-xp 00004000 08:06 5268992                    /usr/lib/libXext.so.6.4.0
7ff91c2e2000-7ff91c2e6000 r--p 0000f000 08:06 5268992                    /usr/lib/libXext.so.6.4.0
7ff91c2e6000-7ff91c2e7000 r--p 00012000 08:06 5268992                    /usr/lib/libXext.so.6.4.0
7ff91c2e7000-7ff91c2e8000 rw-p 00013000 08:06 5268992                    /usr/lib/libXext.so.6.4.0
7ff91c2e8000-7ff91c2ec000 r--p 00000000 08:06 6571596                    /usr/lib/eclipse/plugins/org.eclipse.justj.openjdk.hotspot.jre.full.linux.x86_64_17.0.4.v20220903-1038/jre/lib/libnet.so
7ff91c2ec000-7ff91c2fa000 r-xp 00004000 08:06 6571596                    /usr/lib/eclipse/plugins/org.eclipse.justj.openjdk.hotspot.jre.full.linux.x86_64_17.0.4.v20220903-1038/jre/lib/libnet.so
7ff91c2fa000-7ff91c2fe000 r--p 00012000 08:06 6571596                    /usr/lib/eclipse/plugins/org.eclipse.justj.openjdk.hotspot.jre.full.linux.x86_64_17.0.4.v20220903-1038/jre/lib/libnet.so
7ff91c2fe000-7ff91c2ff000 r--p 00015000 08:06 6571596                    /usr/lib/eclipse/plugins/org.eclipse.justj.openjdk.hotspot.jre.full.linux.x86_64_17.0.4.v20220903-1038/jre/lib/libnet.so
7ff91c2ff000-7ff91c300000 rw-p 00016000 08:06 6571596                    /usr/lib/eclipse/plugins/org.eclipse.justj.openjdk.hotspot.jre.full.linux.x86_64_17.0.4.v20220903-1038/jre/lib/libnet.so
7ff91c300000-7ff91c304000 ---p 00000000 00:00 0 
7ff91c304000-7ff91c400000 rw-p 00000000 00:00 0 
7ff91c400000-7ff91c404000 ---p 00000000 00:00 0 
7ff91c404000-7ff91c500000 rw-p 00000000 00:00 0 
7ff91c500000-7ff91c504000 ---p 00000000 00:00 0 
7ff91c504000-7ff91c600000 rw-p 00000000 00:00 0 
7ff91c600000-7ff91c604000 ---p 00000000 00:00 0 
7ff91c604000-7ff91c700000 rw-p 00000000 00:00 0 
7ff91c700000-7ff91c704000 ---p 00000000 00:00 0 
7ff91c704000-7ff91c800000 rw-p 00000000 00:00 0 
7ff91c800000-7ff91c804000 ---p 00000000 00:00 0 
7ff91c804000-7ff91c900000 rw-p 00000000 00:00 0 
7ff91c900000-7ff91c904000 ---p 00000000 00:00 0 
7ff91c904000-7ff91ca00000 rw-p 00000000 00:00 0 
7ff91ca00000-7ff91ccea000 r--p 00000000 08:06 5337774                    /usr/lib/locale/locale-archive
7ff91ccee000-7ff91ccf2000 r--p 00000000 08:06 6571603                    /usr/lib/eclipse/plugins/org.eclipse.justj.openjdk.hotspot.jre.full.linux.x86_64_17.0.4.v20220903-1038/jre/lib/libverify.so
7ff91ccf2000-7ff91ccf9000 r-xp 00004000 08:06 6571603                    /usr/lib/eclipse/plugins/org.eclipse.justj.openjdk.hotspot.jre.full.linux.x86_64_17.0.4.v20220903-1038/jre/lib/libverify.so
7ff91ccf9000-7ff91ccfb000 r--p 0000b000 08:06 6571603                    /usr/lib/eclipse/plugins/org.eclipse.justj.openjdk.hotspot.jre.full.linux.x86_64_17.0.4.v20220903-1038/jre/lib/libverify.so
7ff91ccfb000-7ff91ccfd000 r--p 0000c000 08:06 6571603                    /usr/lib/eclipse/plugins/org.eclipse.justj.openjdk.hotspot.jre.full.linux.x86_64_17.0.4.v20220903-1038/jre/lib/libverify.so
7ff91ccfd000-7ff91ccfe000 rw-p 0000e000 08:06 6571603                    /usr/lib/eclipse/plugins/org.eclipse.justj.openjdk.hotspot.jre.full.linux.x86_64_17.0.4.v20220903-1038/jre/lib/libverify.so
7ff91ccfe000-7ff91cd02000 ---p 00000000 00:00 0 
7ff91cd02000-7ff91cdfe000 rw-p 00000000 00:00 0 
7ff91cdfe000-7ff91ce02000 ---p 00000000 00:00 0 
7ff91ce02000-7ff91cefe000 rw-p 00000000 00:00 0 
7ff91cefe000-7ff91ceff000 ---p 00000000 00:00 0 
7ff91ceff000-7ff91d4f0000 rw-p 00000000 00:00 0 
7ff91d4f0000-7ff91d510000 rw-p 00000000 00:00 0 
7ff91d510000-7ff91d530000 rw-p 00000000 00:00 0 
7ff91d530000-7ff91d570000 rw-p 00000000 00:00 0 
7ff91d570000-7ff91d800000 rw-p 00000000 00:00 0 
7ff91d800000-7ff91d803000 r--s 00000000 08:06 6042899                    /var/cache/fontconfig/6ba42ae0000f58711b5caaf10d690066-le64.cache-8
7ff91d803000-7ff91d80a000 r--p 00000000 08:06 6571597                    /usr/lib/eclipse/plugins/org.eclipse.justj.openjdk.hotspot.jre.full.linux.x86_64_17.0.4.v20220903-1038/jre/lib/libnio.so
7ff91d80a000-7ff91d813000 r-xp 00007000 08:06 6571597                    /usr/lib/eclipse/plugins/org.eclipse.justj.openjdk.hotspot.jre.full.linux.x86_64_17.0.4.v20220903-1038/jre/lib/libnio.so
7ff91d813000-7ff91d817000 r--p 00010000 08:06 6571597                    /usr/lib/eclipse/plugins/org.eclipse.justj.openjdk.hotspot.jre.full.linux.x86_64_17.0.4.v20220903-1038/jre/lib/libnio.so
7ff91d817000-7ff91d818000 ---p 00014000 08:06 6571597                    /usr/lib/eclipse/plugins/org.eclipse.justj.openjdk.hotspot.jre.full.linux.x86_64_17.0.4.v20220903-1038/jre/lib/libnio.so
7ff91d818000-7ff91d819000 r--p 00014000 08:06 6571597                    /usr/lib/eclipse/plugins/org.eclipse.justj.openjdk.hotspot.jre.full.linux.x86_64_17.0.4.v20220903-1038/jre/lib/libnio.so
7ff91d819000-7ff91d81a000 rw-p 00015000 08:06 6571597                    /usr/lib/eclipse/plugins/org.eclipse.justj.openjdk.hotspot.jre.full.linux.x86_64_17.0.4.v20220903-1038/jre/lib/libnio.so
7ff91d81a000-7ff91d81d000 r--p 00000000 08:06 5261619                    /usr/lib/libnss_resolve.so.2
7ff91d81d000-7ff91d834000 r-xp 00003000 08:06 5261619                    /usr/lib/libnss_resolve.so.2
7ff91d834000-7ff91d83c000 r--p 0001a000 08:06 5261619                    /usr/lib/libnss_resolve.so.2
7ff91d83c000-7ff91d83d000 r--p 00021000 08:06 5261619                    /usr/lib/libnss_resolve.so.2
7ff91d83d000-7ff91d83e000 rw-p 00022000 08:06 5261619                    /usr/lib/libnss_resolve.so.2
7ff91d83e000-7ff91d83f000 ---p 00000000 00:00 0 
7ff91d83f000-7ff91fb30000 rw-p 00000000 00:00 0 
7ff91fb30000-7ff921800000 ---p 00000000 00:00 0 
7ff921800000-7ff921a70000 rwxp 00000000 00:00 0 
7ff921a70000-7ff921d91000 ---p 00000000 00:00 0 
7ff921d91000-7ff922001000 rwxp 00000000 00:00 0 
7ff922001000-7ff9292c8000 ---p 00000000 00:00 0 
7ff9292c8000-7ff929538000 rwxp 00000000 00:00 0 
7ff929538000-7ff930800000 ---p 00000000 00:00 0 
7ff930800000-7ff933e5d000 r--s 00000000 08:06 6571605                    /usr/lib/eclipse/plugins/org.eclipse.justj.openjdk.hotspot.jre.full.linux.x86_64_17.0.4.v20220903-1038/jre/lib/modules
7ff933e5d000-7ff933e60000 r--p 00000000 08:06 5247043                    /usr/lib/libgcc_s.so.1
7ff933e60000-7ff933e77000 r-xp 00003000 08:06 5247043                    /usr/lib/libgcc_s.so.1
7ff933e77000-7ff933e7b000 r--p 0001a000 08:06 5247043                    /usr/lib/libgcc_s.so.1
7ff933e7b000-7ff933e7c000 r--p 0001d000 08:06 5247043                    /usr/lib/libgcc_s.so.1
7ff933e7c000-7ff933e7d000 rw-p 0001e000 08:06 5247043                    /usr/lib/libgcc_s.so.1
7ff933e7d000-7ff933efe000 rw-p 00000000 00:00 0 
7ff933efe000-7ff933eff000 ---p 00000000 00:00 0 
7ff933eff000-7ff934000000 rw-p 00000000 00:00 0 
7ff934000000-7ff934731000 rw-p 00000000 00:00 0 
7ff934731000-7ff938000000 ---p 00000000 00:00 0 
7ff938001000-7ff938003000 r--p 00000000 08:06 5269057                    /usr/lib/libXrender.so.1.3.0
7ff938003000-7ff93800a000 r-xp 00002000 08:06 5269057                    /usr/lib/libXrender.so.1.3.0
7ff93800a000-7ff93800c000 r--p 00009000 08:06 5269057                    /usr/lib/libXrender.so.1.3.0
7ff93800c000-7ff93800d000 r--p 0000a000 08:06 5269057                    /usr/lib/libXrender.so.1.3.0
7ff93800d000-7ff93800e000 rw-p 0000b000 08:06 5269057                    /usr/lib/libXrender.so.1.3.0
7ff93800e000-7ff9384ae000 rw-p 00000000 00:00 0 
7ff9384ae000-7ff9384af000 ---p 00000000 00:00 0 
7ff9384af000-7ff9385b0000 rw-p 00000000 00:00 0 
7ff9385b0000-7ff9385b1000 ---p 00000000 00:00 0 
7ff9385b1000-7ff9386b2000 rw-p 00000000 00:00 0 
7ff9386b2000-7ff9386b3000 ---p 00000000 00:00 0 
7ff9386b3000-7ff9389e6000 rw-p 00000000 00:00 0 
7ff9389e6000-7ff93a6b6000 ---p 00000000 00:00 0 
7ff93a6b6000-7ff93a6f4000 rw-p 00000000 00:00 0 
7ff93a6f4000-7ff93aa8e000 ---p 00000000 00:00 0 
7ff93aa8e000-7ff93aacc000 rw-p 00000000 00:00 0 
7ff93aacc000-7ff93ae66000 ---p 00000000 00:00 0 
7ff93ae66000-7ff93aea4000 rw-p 00000000 00:00 0 
7ff93aea4000-7ff93b23e000 ---p 00000000 00:00 0 
7ff93b23e000-7ff93b647000 rw-p 00000000 00:00 0 
7ff93b647000-7ff93b72d000 ---p 00000000 00:00 0 
7ff93b72d000-7ff93b732000 rw-p 00000000 00:00 0 
7ff93b732000-7ff93b818000 ---p 00000000 00:00 0 
7ff93b818000-7ff93b81c000 ---p 00000000 00:00 0 
7ff93b81c000-7ff93b918000 rw-p 00000000 00:00 0 
7ff93b918000-7ff93b926000 r--p 00000000 08:06 5246294                    /usr/lib/libm.so.6
7ff93b926000-7ff93b9a0000 r-xp 0000e000 08:06 5246294                    /usr/lib/libm.so.6
7ff93b9a0000-7ff93b9fe000 r--p 00088000 08:06 5246294                    /usr/lib/libm.so.6
7ff93b9fe000-7ff93b9ff000 r--p 000e5000 08:06 5246294                    /usr/lib/libm.so.6
7ff93b9ff000-7ff93ba00000 rw-p 000e6000 08:06 5246294                    /usr/lib/libm.so.6
7ff93ba00000-7ff93bc51000 r--p 00000000 08:06 6571615                    /usr/lib/eclipse/plugins/org.eclipse.justj.openjdk.hotspot.jre.full.linux.x86_64_17.0.4.v20220903-1038/jre/lib/server/libjvm.so
7ff93bc51000-7ff93c96a000 r-xp 00251000 08:06 6571615                    /usr/lib/eclipse/plugins/org.eclipse.justj.openjdk.hotspot.jre.full.linux.x86_64_17.0.4.v20220903-1038/jre/lib/server/libjvm.so
7ff93c96a000-7ff93cbf5000 r--p 00f6a000 08:06 6571615                    /usr/lib/eclipse/plugins/org.eclipse.justj.openjdk.hotspot.jre.full.linux.x86_64_17.0.4.v20220903-1038/jre/lib/server/libjvm.so
7ff93cbf5000-7ff93ccae000 r--p 011f4000 08:06 6571615                    /usr/lib/eclipse/plugins/org.eclipse.justj.openjdk.hotspot.jre.full.linux.x86_64_17.0.4.v20220903-1038/jre/lib/server/libjvm.so
7ff93ccae000-7ff93cce3000 rw-p 012ad000 08:06 6571615                    /usr/lib/eclipse/plugins/org.eclipse.justj.openjdk.hotspot.jre.full.linux.x86_64_17.0.4.v20220903-1038/jre/lib/server/libjvm.so
7ff93cce3000-7ff93cd3c000 rw-p 00000000 00:00 0 
7ff93cd3c000-7ff93cd3e000 r--s 00000000 08:06 6040561                    /var/cache/fontconfig/452f1fac34b224105d7acfae3034bcd5-le64.cache-8
7ff93cd3e000-7ff93cd40000 r--p 00000000 08:06 5270421                    /usr/lib/libXtst.so.6.1.0
7ff93cd40000-7ff93cd43000 r-xp 00002000 08:06 5270421                    /usr/lib/libXtst.so.6.1.0
7ff93cd43000-7ff93cd44000 r--p 00005000 08:06 5270421                    /usr/lib/libXtst.so.6.1.0
7ff93cd44000-7ff93cd45000 r--p 00006000 08:06 5270421                    /usr/lib/libXtst.so.6.1.0
7ff93cd45000-7ff93cd46000 rw-p 00007000 08:06 5270421                    /usr/lib/libXtst.so.6.1.0
7ff93cd46000-7ff93cd47000 r--p 00000000 08:06 6571576                    /usr/lib/eclipse/plugins/org.eclipse.justj.openjdk.hotspot.jre.full.linux.x86_64_17.0.4.v20220903-1038/jre/lib/libextnet.so
7ff93cd47000-7ff93cd48000 r-xp 00001000 08:06 6571576                    /usr/lib/eclipse/plugins/org.eclipse.justj.openjdk.hotspot.jre.full.linux.x86_64_17.0.4.v20220903-1038/jre/lib/libextnet.so
7ff93cd48000-7ff93cd49000 r--p 00002000 08:06 6571576                    /usr/lib/eclipse/plugins/org.eclipse.justj.openjdk.hotspot.jre.full.linux.x86_64_17.0.4.v20220903-1038/jre/lib/libextnet.so
7ff93cd49000-7ff93cd4a000 r--p 00002000 08:06 6571576                    /usr/lib/eclipse/plugins/org.eclipse.justj.openjdk.hotspot.jre.full.linux.x86_64_17.0.4.v20220903-1038/jre/lib/libextnet.so
7ff93cd4a000-7ff93cd4b000 rw-p 00003000 08:06 6571576                    /usr/lib/eclipse/plugins/org.eclipse.justj.openjdk.hotspot.jre.full.linux.x86_64_17.0.4.v20220903-1038/jre/lib/libextnet.so
7ff93cd4b000-7ff93cd4e000 r--p 00000000 08:06 5255838                    /usr/lib/libcap.so.2.66
7ff93cd4e000-7ff93cd53000 r-xp 00003000 08:06 5255838                    /usr/lib/libcap.so.2.66
7ff93cd53000-7ff93cd55000 r--p 00008000 08:06 5255838                    /usr/lib/libcap.so.2.66
7ff93cd55000-7ff93cd56000 r--p 00009000 08:06 5255838                    /usr/lib/libcap.so.2.66
7ff93cd56000-7ff93cd57000 rw-p 0000a000 08:06 5255838                    /usr/lib/libcap.so.2.66
7ff93cd57000-7ff93cd59000 r--p 00000000 08:06 6571575                    /usr/lib/eclipse/plugins/org.eclipse.justj.openjdk.hotspot.jre.full.linux.x86_64_17.0.4.v20220903-1038/jre/lib/libdt_socket.so
7ff93cd59000-7ff93cd5c000 r-xp 00002000 08:06 6571575                    /usr/lib/eclipse/plugins/org.eclipse.justj.openjdk.hotspot.jre.full.linux.x86_64_17.0.4.v20220903-1038/jre/lib/libdt_socket.so
7ff93cd5c000-7ff93cd5d000 r--p 00005000 08:06 6571575                    /usr/lib/eclipse/plugins/org.eclipse.justj.openjdk.hotspot.jre.full.linux.x86_64_17.0.4.v20220903-1038/jre/lib/libdt_socket.so
7ff93cd5d000-7ff93cd5e000 ---p 00006000 08:06 6571575                    /usr/lib/eclipse/plugins/org.eclipse.justj.openjdk.hotspot.jre.full.linux.x86_64_17.0.4.v20220903-1038/jre/lib/libdt_socket.so
7ff93cd5e000-7ff93cd5f000 r--p 00006000 08:06 6571575                    /usr/lib/eclipse/plugins/org.eclipse.justj.openjdk.hotspot.jre.full.linux.x86_64_17.0.4.v20220903-1038/jre/lib/libdt_socket.so
7ff93cd5f000-7ff93cd60000 rw-p 00007000 08:06 6571575                    /usr/lib/eclipse/plugins/org.eclipse.justj.openjdk.hotspot.jre.full.linux.x86_64_17.0.4.v20220903-1038/jre/lib/libdt_socket.so
7ff93cd60000-7ff93cd65000 rw-p 00000000 00:00 0 
7ff93cd65000-7ff93cd6c000 ---p 00000000 00:00 0 
7ff93cd6c000-7ff93cd79000 r--p 00000000 08:06 6571583                    /usr/lib/eclipse/plugins/org.eclipse.justj.openjdk.hotspot.jre.full.linux.x86_64_17.0.4.v20220903-1038/jre/lib/libjava.so
7ff93cd79000-7ff93cd8b000 r-xp 0000d000 08:06 6571583                    /usr/lib/eclipse/plugins/org.eclipse.justj.openjdk.hotspot.jre.full.linux.x86_64_17.0.4.v20220903-1038/jre/lib/libjava.so
7ff93cd8b000-7ff93cd91000 r--p 0001f000 08:06 6571583                    /usr/lib/eclipse/plugins/org.eclipse.justj.openjdk.hotspot.jre.full.linux.x86_64_17.0.4.v20220903-1038/jre/lib/libjava.so
7ff93cd91000-7ff93cd92000 ---p 00025000 08:06 6571583                    /usr/lib/eclipse/plugins/org.eclipse.justj.openjdk.hotspot.jre.full.linux.x86_64_17.0.4.v20220903-1038/jre/lib/libjava.so
7ff93cd92000-7ff93cd93000 r--p 00025000 08:06 6571583                    /usr/lib/eclipse/plugins/org.eclipse.justj.openjdk.hotspot.jre.full.linux.x86_64_17.0.4.v20220903-1038/jre/lib/libjava.so
7ff93cd93000-7ff93cd94000 rw-p 00026000 08:06 6571583                    /usr/lib/eclipse/plugins/org.eclipse.justj.openjdk.hotspot.jre.full.linux.x86_64_17.0.4.v20220903-1038/jre/lib/libjava.so
7ff93cd94000-7ff93cd95000 rw-p 00000000 00:00 0 
7ff93cd95000-7ff93cd98000 r--p 00000000 08:06 6571586                    /usr/lib/eclipse/plugins/org.eclipse.justj.openjdk.hotspot.jre.full.linux.x86_64_17.0.4.v20220903-1038/jre/lib/libjdwp.so
7ff93cd98000-7ff93cdc5000 r-xp 00003000 08:06 6571586                    /usr/lib/eclipse/plugins/org.eclipse.justj.openjdk.hotspot.jre.full.linux.x86_64_17.0.4.v20220903-1038/jre/lib/libjdwp.so
7ff93cdc5000-7ff93cdd3000 r--p 00030000 08:06 6571586                    /usr/lib/eclipse/plugins/org.eclipse.justj.openjdk.hotspot.jre.full.linux.x86_64_17.0.4.v20220903-1038/jre/lib/libjdwp.so
7ff93cdd3000-7ff93cdd4000 r--p 0003d000 08:06 6571586                    /usr/lib/eclipse/plugins/org.eclipse.justj.openjdk.hotspot.jre.full.linux.x86_64_17.0.4.v20220903-1038/jre/lib/libjdwp.so
7ff93cdd4000-7ff93cdd5000 rw-p 0003e000 08:06 6571586                    /usr/lib/eclipse/plugins/org.eclipse.justj.openjdk.hotspot.jre.full.linux.x86_64_17.0.4.v20220903-1038/jre/lib/libjdwp.so
7ff93cdd5000-7ff93cdd6000 rw-p 00000000 00:00 0 
7ff93cdd6000-7ff93cdd7000 r--p 00000000 08:06 5246326                    /usr/lib/librt.so.1
7ff93cdd7000-7ff93cdd8000 r-xp 00001000 08:06 5246326                    /usr/lib/librt.so.1
7ff93cdd8000-7ff93cdd9000 r--p 00002000 08:06 5246326                    /usr/lib/librt.so.1
7ff93cdd9000-7ff93cdda000 r--p 00002000 08:06 5246326                    /usr/lib/librt.so.1
7ff93cdda000-7ff93cddb000 rw-p 00003000 08:06 5246326                    /usr/lib/librt.so.1
7ff93cddb000-7ff93cddf000 rw-p 00000000 00:00 0 
7ff93cddf000-7ff93ce01000 r--p 00000000 08:06 5246274                    /usr/lib/libc.so.6
7ff93ce01000-7ff93cf5c000 r-xp 00022000 08:06 5246274                    /usr/lib/libc.so.6
7ff93cf5c000-7ff93cfb3000 r--p 0017d000 08:06 5246274                    /usr/lib/libc.so.6
7ff93cfb3000-7ff93cfb7000 r--p 001d4000 08:06 5246274                    /usr/lib/libc.so.6
7ff93cfb7000-7ff93cfb9000 rw-p 001d8000 08:06 5246274                    /usr/lib/libc.so.6
7ff93cfb9000-7ff93cfc6000 rw-p 00000000 00:00 0 
7ff93cfc6000-7ff93cfc7000 r--p 00000000 08:06 5246284                    /usr/lib/libdl.so.2
7ff93cfc7000-7ff93cfc8000 r-xp 00001000 08:06 5246284                    /usr/lib/libdl.so.2
7ff93cfc8000-7ff93cfc9000 r--p 00002000 08:06 5246284                    /usr/lib/libdl.so.2
7ff93cfc9000-7ff93cfca000 r--p 00002000 08:06 5246284                    /usr/lib/libdl.so.2
7ff93cfca000-7ff93cfcb000 rw-p 00003000 08:06 5246284                    /usr/lib/libdl.so.2
7ff93cfcb000-7ff93cfcc000 r--p 00000000 08:06 5246321                    /usr/lib/libpthread.so.0
7ff93cfcc000-7ff93cfcd000 r-xp 00001000 08:06 5246321                    /usr/lib/libpthread.so.0
7ff93cfcd000-7ff93cfce000 r--p 00002000 08:06 5246321                    /usr/lib/libpthread.so.0
7ff93cfce000-7ff93cfcf000 r--p 00002000 08:06 5246321                    /usr/lib/libpthread.so.0
7ff93cfcf000-7ff93cfd0000 rw-p 00003000 08:06 5246321                    /usr/lib/libpthread.so.0
7ff93cfd0000-7ff93cfd3000 r--p 00000000 08:06 6571588                    /usr/lib/eclipse/plugins/org.eclipse.justj.openjdk.hotspot.jre.full.linux.x86_64_17.0.4.v20220903-1038/jre/lib/libjli.so
7ff93cfd3000-7ff93cfdd000 r-xp 00003000 08:06 6571588                    /usr/lib/eclipse/plugins/org.eclipse.justj.openjdk.hotspot.jre.full.linux.x86_64_17.0.4.v20220903-1038/jre/lib/libjli.so
7ff93cfdd000-7ff93cfe0000 r--p 0000d000 08:06 6571588                    /usr/lib/eclipse/plugins/org.eclipse.justj.openjdk.hotspot.jre.full.linux.x86_64_17.0.4.v20220903-1038/jre/lib/libjli.so
7ff93cfe0000-7ff93cfe1000 ---p 00010000 08:06 6571588                    /usr/lib/eclipse/plugins/org.eclipse.justj.openjdk.hotspot.jre.full.linux.x86_64_17.0.4.v20220903-1038/jre/lib/libjli.so
7ff93cfe1000-7ff93cfe2000 r--p 00010000 08:06 6571588                    /usr/lib/eclipse/plugins/org.eclipse.justj.openjdk.hotspot.jre.full.linux.x86_64_17.0.4.v20220903-1038/jre/lib/libjli.so
7ff93cfe2000-7ff93cfe3000 rw-p 00011000 08:06 6571588                    /usr/lib/eclipse/plugins/org.eclipse.justj.openjdk.hotspot.jre.full.linux.x86_64_17.0.4.v20220903-1038/jre/lib/libjli.so
7ff93cfe3000-7ff93cfe6000 r--p 00000000 08:06 5260438                    /usr/lib/libz.so.1.2.13
7ff93cfe6000-7ff93cff4000 r-xp 00003000 08:06 5260438                    /usr/lib/libz.so.1.2.13
7ff93cff4000-7ff93cffb000 r--p 00011000 08:06 5260438                    /usr/lib/libz.so.1.2.13
7ff93cffb000-7ff93cffc000 r--p 00017000 08:06 5260438                    /usr/lib/libz.so.1.2.13
7ff93cffc000-7ff93cffd000 rw-p 00018000 08:06 5260438                    /usr/lib/libz.so.1.2.13
7ff93cffd000-7ff93cffe000 r--s 00000000 08:06 6042924                    /var/cache/fontconfig/787b69f04c7448ed6c581b040220c91f-le64.cache-8
7ff93cffe000-7ff93d000000 r--p 00000000 08:06 6571604                    /usr/lib/eclipse/plugins/org.eclipse.justj.openjdk.hotspot.jre.full.linux.x86_64_17.0.4.v20220903-1038/jre/lib/libzip.so
7ff93d000000-7ff93d004000 r-xp 00002000 08:06 6571604                    /usr/lib/eclipse/plugins/org.eclipse.justj.openjdk.hotspot.jre.full.linux.x86_64_17.0.4.v20220903-1038/jre/lib/libzip.so
7ff93d004000-7ff93d006000 r--p 00006000 08:06 6571604                    /usr/lib/eclipse/plugins/org.eclipse.justj.openjdk.hotspot.jre.full.linux.x86_64_17.0.4.v20220903-1038/jre/lib/libzip.so
7ff93d006000-7ff93d007000 r--p 00007000 08:06 6571604                    /usr/lib/eclipse/plugins/org.eclipse.justj.openjdk.hotspot.jre.full.linux.x86_64_17.0.4.v20220903-1038/jre/lib/libzip.so
7ff93d007000-7ff93d008000 rw-p 00008000 08:06 6571604                    /usr/lib/eclipse/plugins/org.eclipse.justj.openjdk.hotspot.jre.full.linux.x86_64_17.0.4.v20220903-1038/jre/lib/libzip.so
7ff93d008000-7ff93d010000 rw-s 00000000 00:23 611                        /tmp/hsperfdata_javier/5207
7ff93d010000-7ff93d012000 r--p 00000000 08:06 6571578                    /usr/lib/eclipse/plugins/org.eclipse.justj.openjdk.hotspot.jre.full.linux.x86_64_17.0.4.v20220903-1038/jre/lib/libinstrument.so
7ff93d012000-7ff93d018000 r-xp 00002000 08:06 6571578                    /usr/lib/eclipse/plugins/org.eclipse.justj.openjdk.hotspot.jre.full.linux.x86_64_17.0.4.v20220903-1038/jre/lib/libinstrument.so
7ff93d018000-7ff93d01b000 r--p 00008000 08:06 6571578                    /usr/lib/eclipse/plugins/org.eclipse.justj.openjdk.hotspot.jre.full.linux.x86_64_17.0.4.v20220903-1038/jre/lib/libinstrument.so
7ff93d01b000-7ff93d01c000 r--p 0000a000 08:06 6571578                    /usr/lib/eclipse/plugins/org.eclipse.justj.openjdk.hotspot.jre.full.linux.x86_64_17.0.4.v20220903-1038/jre/lib/libinstrument.so
7ff93d01c000-7ff93d01d000 rw-p 0000b000 08:06 6571578                    /usr/lib/eclipse/plugins/org.eclipse.justj.openjdk.hotspot.jre.full.linux.x86_64_17.0.4.v20220903-1038/jre/lib/libinstrument.so
7ff93d01d000-7ff93d01e000 ---p 00000000 00:00 0 
7ff93d01e000-7ff93d01f000 r--p 00000000 00:00 0 
7ff93d01f000-7ff93d020000 ---p 00000000 00:00 0 
7ff93d020000-7ff93d024000 r--p 00000000 08:06 6571587                    /usr/lib/eclipse/plugins/org.eclipse.justj.openjdk.hotspot.jre.full.linux.x86_64_17.0.4.v20220903-1038/jre/lib/libjimage.so
7ff93d024000-7ff93d037000 r-xp 00004000 08:06 6571587                    /usr/lib/eclipse/plugins/org.eclipse.justj.openjdk.hotspot.jre.full.linux.x86_64_17.0.4.v20220903-1038/jre/lib/libjimage.so
7ff93d037000-7ff93d03d000 r--p 00017000 08:06 6571587                    /usr/lib/eclipse/plugins/org.eclipse.justj.openjdk.hotspot.jre.full.linux.x86_64_17.0.4.v20220903-1038/jre/lib/libjimage.so
7ff93d03d000-7ff93d03f000 r--p 0001c000 08:06 6571587                    /usr/lib/eclipse/plugins/org.eclipse.justj.openjdk.hotspot.jre.full.linux.x86_64_17.0.4.v20220903-1038/jre/lib/libjimage.so
7ff93d03f000-7ff93d040000 rw-p 0001e000 08:06 6571587                    /usr/lib/eclipse/plugins/org.eclipse.justj.openjdk.hotspot.jre.full.linux.x86_64_17.0.4.v20220903-1038/jre/lib/libjimage.so
7ff93d040000-7ff93d042000 rw-p 00000000 00:00 0 
7ff93d042000-7ff93d043000 r--p 00000000 08:06 5246253                    /usr/lib/ld-linux-x86-64.so.2
7ff93d043000-7ff93d069000 r-xp 00001000 08:06 5246253                    /usr/lib/ld-linux-x86-64.so.2
7ff93d069000-7ff93d073000 r--p 00027000 08:06 5246253                    /usr/lib/ld-linux-x86-64.so.2
7ff93d073000-7ff93d075000 r--p 00031000 08:06 5246253                    /usr/lib/ld-linux-x86-64.so.2
7ff93d075000-7ff93d077000 rw-p 00033000 08:06 5246253                    /usr/lib/ld-linux-x86-64.so.2
7fff08665000-7fff08686000 rw-p 00000000 00:00 0                          [stack]
7fff087f4000-7fff087f8000 r--p 00000000 00:00 0                          [vvar]
7fff087f8000-7fff087fa000 r-xp 00000000 00:00 0                          [vdso]
ffffffffff600000-ffffffffff601000 --xp 00000000 00:00 0                  [vsyscall]


VM Arguments:
jvm_args: -XX:+ShowCodeDetailsInExceptionMessages -agentlib:jdwp=transport=dt_socket,suspend=y,address=localhost:44981 -javaagent:/home/javier/.eclipse/org.eclipse.platform_4.25.0_155965261_linux_gtk_x86_64/configuration/org.eclipse.osgi/222/0/.cp/lib/javaagent-shaded.jar -Dfile.encoding=UTF-8 
java_command: client.ClientLauncher
java_class_path (initial): /home/javier/Documentos/GitHub/UMCA/bin
Launcher Type: SUN_STANDARD

[Global flags]
     intx CICompilerCount                          = 3                                         {product} {ergonomic}
     uint ConcGCThreads                            = 1                                         {product} {ergonomic}
     uint G1ConcRefinementThreads                  = 4                                         {product} {ergonomic}
   size_t G1HeapRegionSize                         = 1048576                                   {product} {ergonomic}
    uintx GCDrainStackTargetSize                   = 64                                        {product} {ergonomic}
   size_t InitialHeapSize                          = 130023424                                 {product} {ergonomic}
   size_t MarkStackSize                            = 4194304                                   {product} {ergonomic}
   size_t MaxHeapSize                              = 2063597568                                {product} {ergonomic}
   size_t MaxNewSize                               = 1237319680                                {product} {ergonomic}
   size_t MinHeapDeltaBytes                        = 1048576                                   {product} {ergonomic}
   size_t MinHeapSize                              = 8388608                                   {product} {ergonomic}
    uintx NonNMethodCodeHeapSize                   = 5832780                                {pd product} {ergonomic}
    uintx NonProfiledCodeHeapSize                  = 122912730                              {pd product} {ergonomic}
    uintx ProfiledCodeHeapSize                     = 122912730                              {pd product} {ergonomic}
    uintx ReservedCodeCacheSize                    = 251658240                              {pd product} {ergonomic}
     bool SegmentedCodeCache                       = true                                      {product} {ergonomic}
     bool ShowCodeDetailsInExceptionMessages       = true                                   {manageable} {command line}
   size_t SoftMaxHeapSize                          = 2063597568                             {manageable} {ergonomic}
     bool UseCompressedClassPointers               = true                           {product lp64_product} {ergonomic}
     bool UseCompressedOops                        = true                           {product lp64_product} {ergonomic}
     bool UseG1GC                                  = true                                      {product} {ergonomic}

Logging:
Log output configuration:
 #0: stdout all=warning uptime,level,tags
 #1: stderr all=off uptime,level,tags

Environment Variables:
PATH=/home/javier/.elan/bin:/usr/local/sbin:/usr/local/bin:/usr/bin:/home/javier/.dotnet/tools:/var/lib/flatpak/exports/bin:/usr/lib/jvm/default/bin:/usr/bin/site_perl:/usr/bin/vendor_perl:/usr/bin/core_perl:/var/lib/snapd/snap/bin
SHELL=/bin/bash
DISPLAY=:0
LANG=es_ES.UTF-8
LC_NUMERIC=es_ES.UTF-8
LC_TIME=ca_ES.UTF-8

Signal Handlers:
   SIGSEGV: 0x00007ff93c8d9b40 in libjvm.so+15571776, mask=11100100010111111101111111111110, flags=SA_RESTART|SA_SIGINFO
    SIGBUS: 0x00007ff93c8d9b40 in libjvm.so+15571776, mask=11100100010111111101111111111110, flags=SA_RESTART|SA_SIGINFO
    SIGFPE: 0x00007ff93c8d9b40 in libjvm.so+15571776, mask=11100100010111111101111111111110, flags=SA_RESTART|SA_SIGINFO
   SIGPIPE: 0x00007ff93c7824e0 in libjvm.so+14165216, mask=11100100010111111101111111111110, flags=SA_RESTART|SA_SIGINFO
   SIGXFSZ: 0x00007ff93c7824e0 in libjvm.so+14165216, mask=11100100010111111101111111111110, flags=SA_RESTART|SA_SIGINFO
    SIGILL: 0x00007ff93c8d9b40 in libjvm.so+15571776, mask=11100100010111111101111111111110, flags=SA_RESTART|SA_SIGINFO
   SIGUSR2: 0x00007ff93c781b70 in libjvm.so+14162800, mask=00100000000000000000000000000000, flags=SA_RESTART|SA_SIGINFO
    SIGHUP: 0x00007ff93c781aa0 in libjvm.so+14162592, mask=11100100010111111101111111111110, flags=SA_RESTART|SA_SIGINFO
    SIGINT: 0x00007ff93c781aa0 in libjvm.so+14162592, mask=11100100010111111101111111111110, flags=SA_RESTART|SA_SIGINFO
   SIGTERM: 0x00007ff93c781aa0 in libjvm.so+14162592, mask=11100100010111111101111111111110, flags=SA_RESTART|SA_SIGINFO
   SIGQUIT: 0x00007ff93c781aa0 in libjvm.so+14162592, mask=11100100010111111101111111111110, flags=SA_RESTART|SA_SIGINFO
  *** Handler was modified!
  *** Expected: 0x00007ff93c7824e0 in libjvm.so+14165216, mask=11100100110111111111111111111110, flags=SA_RESTART|SA_SIGINFO
   SIGTRAP: 0x00007ff93c8d9b40 in libjvm.so+15571776, mask=11100100010111111101111111111110, flags=SA_RESTART|SA_SIGINFO


---------------  S Y S T E M  ---------------

OS:
DISTRIB_ID="Arch"
DISTRIB_RELEASE="rolling"
DISTRIB_DESCRIPTION="Arch Linux"
uname: Linux 6.1.1-arch1-1 #1 SMP PREEMPT_DYNAMIC Wed, 21 Dec 2022 22:27:55 +0000 x86_64
OS uptime: 0 days 0:32 hours
libc: glibc 2.36 NPTL 2.36 
rlimit (soft/hard): STACK 8192k/infinity , CORE infinity/infinity , NPROC 31287/31287 , NOFILE 524288/524288 , AS infinity/infinity , CPU infinity/infinity , DATA infinity/infinity , FSIZE infinity/infinity , MEMLOCK 8192k/8192k
load average: 0,87 0,86 0,69

/proc/meminfo:
MemTotal:        8054464 kB
MemFree:         1208792 kB
MemAvailable:    3154324 kB
Buffers:          238144 kB
Cached:          2226896 kB
SwapCached:            0 kB
Active:          5133936 kB
Inactive:         969308 kB
Active(anon):    3749744 kB
Inactive(anon):   246268 kB
Active(file):    1384192 kB
Inactive(file):   723040 kB
Unevictable:      308648 kB
Mlocked:             128 kB
SwapTotal:       9948156 kB
SwapFree:        9948156 kB
Zswap:                 0 kB
Zswapped:              0 kB
Dirty:              3984 kB
Writeback:             0 kB
AnonPages:       3795668 kB
Mapped:           805948 kB
Shmem:            357808 kB
KReclaimable:     130236 kB
Slab:             240708 kB
SReclaimable:     130236 kB
SUnreclaim:       110472 kB
KernelStack:       18140 kB
PageTables:        42132 kB
SecPageTables:         0 kB
NFS_Unstable:          0 kB
Bounce:                0 kB
WritebackTmp:          0 kB
CommitLimit:    13975388 kB
Committed_AS:   11885748 kB
VmallocTotal:   34359738367 kB
VmallocUsed:       63720 kB
VmallocChunk:          0 kB
Percpu:             2448 kB
HardwareCorrupted:     0 kB
AnonHugePages:   1339392 kB
ShmemHugePages:        0 kB
ShmemPmdMapped:        0 kB
FileHugePages:     88064 kB
FilePmdMapped:     77824 kB
CmaTotal:              0 kB
CmaFree:               0 kB
HugePages_Total:       0
HugePages_Free:        0
HugePages_Rsvd:        0
HugePages_Surp:        0
Hugepagesize:       2048 kB
Hugetlb:               0 kB
DirectMap4k:      230712 kB
DirectMap2M:     7024640 kB
DirectMap1G:     1048576 kB

/sys/kernel/mm/transparent_hugepage/enabled: [always] madvise never
/sys/kernel/mm/transparent_hugepage/defrag (defrag/compaction efforts parameter): always defer defer+madvise [madvise] never

Process Memory:
Virtual Size: 5549424K (peak: 5614960K)
Resident Set Size: 102892K (peak: 102892K) (anon: 57320K, file: 45540K, shmem: 32K)
Swapped out: 0K
C-Heap outstanding allocations: 19359K, retained: 5117K
glibc malloc tunables: (default)

/proc/sys/kernel/threads-max (system-wide limit on the number of threads): 62575
/proc/sys/vm/max_map_count (maximum number of memory map areas a process may have): 65530
/proc/sys/kernel/pid_max (system-wide limit on number of process identifiers): 4194304

container (cgroup) information:
container_type: cgroupv2
cpu_cpuset_cpus: not supported
cpu_memory_nodes: not supported
active_processor_count: 4
cpu_quota: not supported
cpu_period: not supported
cpu_shares: not supported
memory_limit_in_bytes: unlimited
memory_and_swap_limit_in_bytes: unlimited
memory_soft_limit_in_bytes: unlimited
memory_usage_in_bytes: 2312900 k
memory_max_usage_in_bytes: not supported
maximum number of tasks: 9386
current number of tasks: 277

Steal ticks since vm start: 0
Steal ticks percentage since vm start:  0,000

CPU: total 4 (initial active 4) (2 cores per cpu, 2 threads per core) family 6 model 142 stepping 9 microcode 0x4e, cx8, cmov, fxsr, ht, mmx, 3dnowpref, sse, sse2, sse3, ssse3, sse4.1, sse4.2, popcnt, lzcnt, tsc, tscinvbit, avx, avx2, aes, erms, clmul, bmi1, bmi2, adx, fma, vzeroupper, clflush, clflushopt
CPU Model and flags from /proc/cpuinfo:
model name	: Intel(R) Core(TM) i5-7200U CPU @ 2.50GHz
flags		: fpu vme de pse tsc msr pae mce cx8 apic sep mtrr pge mca cmov pat pse36 clflush dts acpi mmx fxsr sse sse2 ss ht tm pbe syscall nx pdpe1gb rdtscp lm constant_tsc art arch_perfmon pebs bts rep_good nopl xtopology nonstop_tsc cpuid aperfmperf pni pclmulqdq dtes64 monitor ds_cpl vmx est tm2 ssse3 sdbg fma cx16 xtpr pdcm pcid sse4_1 sse4_2 x2apic movbe popcnt aes xsave avx f16c rdrand lahf_lm abm 3dnowprefetch cpuid_fault epb invpcid_single pti tpr_shadow vnmi flexpriority ept vpid ept_ad fsgsbase tsc_adjust bmi1 avx2 smep bmi2 erms invpcid mpx rdseed adx smap clflushopt intel_pt xsaveopt xsavec xgetbv1 xsaves dtherm ida arat pln pts hwp hwp_notify hwp_act_window hwp_epp

Online cpus: 0-3
Offline cpus: 
BIOS frequency limitation: <Not Available>
Frequency switch latency (ns): 0
Available cpu frequencies: <Not Available>
Current governor: powersave
Core performance/turbo boost: <Not Available>

Memory: 4k page, physical 8054464k(1208792k free), swap 9948156k(9948156k free)
Page Sizes: 4k

vm_info: OpenJDK 64-Bit Server VM (17.0.4.1+1) for linux-amd64 JRE (17.0.4.1+1), built on Aug 12 2022 00:00:00 by "temurin" with gcc 10.3.0

END.
